<?xml version="1.0" encoding="UTF-8"?>
<coverage generated="1510553494229" clover="3.2.0">
  <project timestamp="1510553494229" name="All files">
    <metrics statements="144" coveredstatements="127" conditionals="48" coveredconditionals="48" methods="62" coveredmethods="55" elements="254" coveredelements="230" complexity="0" loc="144" ncloc="144" packages="14" files="17" classes="17">
      <package name="sitev3">
        <metrics statements="1" coveredstatements="1" conditionals="0" coveredconditionals="0" methods="0" coveredmethods="0"/>
        <file name="jestSetup.js" path="/Users/philiplipman/IdeaProjects/sitev3/jestSetup.js">
          <metrics statements="1" coveredstatements="1" conditionals="0" coveredconditionals="0" methods="0" coveredmethods="0"/>
          <line num="4" count="15" type="stmt"/>
        </file>
      </package>
      <package name="sitev3.client.components.Auth">
        <metrics statements="28" coveredstatements="28" conditionals="12" coveredconditionals="12" methods="11" coveredmethods="11"/>
        <file name="Login.jsx" path="/Users/philiplipman/IdeaProjects/sitev3/client/components/Auth/Login.jsx">
          <metrics statements="9" coveredstatements="9" conditionals="2" coveredconditionals="2" methods="5" coveredmethods="5"/>
          <line num="11" count="3" type="stmt"/>
          <line num="15" count="3" type="stmt"/>
          <line num="19" count="1" type="stmt"/>
          <line num="37" count="1" type="stmt"/>
          <line num="38" count="1" type="stmt"/>
          <line num="44" count="3" type="stmt"/>
          <line num="45" count="3" type="cond" truecount="2" falsecount="0"/>
          <line num="55" count="3" type="stmt"/>
          <line num="57" count="3" type="stmt"/>
        </file>
        <file name="Register.jsx" path="/Users/philiplipman/IdeaProjects/sitev3/client/components/Auth/Register.jsx">
          <metrics statements="19" coveredstatements="19" conditionals="10" coveredconditionals="10" methods="6" coveredmethods="6"/>
          <line num="11" count="3" type="stmt"/>
          <line num="16" count="3" type="stmt"/>
          <line num="21" count="5" type="stmt"/>
          <line num="23" count="5" type="cond" truecount="2" falsecount="0"/>
          <line num="24" count="4" type="stmt"/>
          <line num="27" count="5" type="cond" truecount="2" falsecount="0"/>
          <line num="28" count="4" type="stmt"/>
          <line num="31" count="5" type="cond" truecount="2" falsecount="0"/>
          <line num="32" count="4" type="stmt"/>
          <line num="35" count="5" type="cond" truecount="2" falsecount="0"/>
          <line num="36" count="4" type="stmt"/>
          <line num="39" count="5" type="stmt"/>
          <line num="42" count="1" type="stmt"/>
          <line num="61" count="1" type="stmt"/>
          <line num="62" count="1" type="stmt"/>
          <line num="68" count="3" type="stmt"/>
          <line num="69" count="3" type="cond" truecount="2" falsecount="0"/>
          <line num="79" count="3" type="stmt"/>
          <line num="81" count="3" type="stmt"/>
        </file>
      </package>
      <package name="sitev3.client.components.Auth.actions">
        <metrics statements="8" coveredstatements="8" conditionals="0" coveredconditionals="0" methods="4" coveredmethods="4"/>
        <file name="authActions.jsx" path="/Users/philiplipman/IdeaProjects/sitev3/client/components/Auth/actions/authActions.jsx">
          <metrics statements="8" coveredstatements="8" conditionals="0" coveredconditionals="0" methods="4" coveredmethods="4"/>
          <line num="1" count="5" type="stmt"/>
          <line num="2" count="5" type="stmt"/>
          <line num="3" count="5" type="stmt"/>
          <line num="4" count="5" type="stmt"/>
          <line num="7" count="1" type="stmt"/>
          <line num="14" count="1" type="stmt"/>
          <line num="21" count="2" type="stmt"/>
          <line num="27" count="1" type="stmt"/>
        </file>
      </package>
      <package name="sitev3.client.components.Auth.reducers">
        <metrics statements="7" coveredstatements="7" conditionals="6" coveredconditionals="6" methods="1" coveredmethods="1"/>
        <file name="authReducers.jsx" path="/Users/philiplipman/IdeaProjects/sitev3/client/components/Auth/reducers/authReducers.jsx">
          <metrics statements="7" coveredstatements="7" conditionals="6" coveredconditionals="6" methods="1" coveredmethods="1"/>
          <line num="8" count="1" type="stmt"/>
          <line num="16" count="5" type="cond" truecount="5" falsecount="0"/>
          <line num="18" count="1" type="stmt"/>
          <line num="27" count="1" type="stmt"/>
          <line num="33" count="1" type="stmt"/>
          <line num="38" count="1" type="stmt"/>
          <line num="44" count="1" type="stmt"/>
        </file>
      </package>
      <package name="sitev3.client.components.Auth.thunks">
        <metrics statements="33" coveredstatements="21" conditionals="6" coveredconditionals="6" methods="15" coveredmethods="12"/>
        <file name="authThunks.jsx" path="/Users/philiplipman/IdeaProjects/sitev3/client/components/Auth/thunks/authThunks.jsx">
          <metrics statements="33" coveredstatements="21" conditionals="6" coveredconditionals="6" methods="15" coveredmethods="12"/>
          <line num="11" count="2" type="stmt"/>
          <line num="12" count="1" type="stmt"/>
          <line num="13" count="1" type="stmt"/>
          <line num="14" count="1" type="stmt"/>
          <line num="15" count="1" type="stmt"/>
          <line num="20" count="10" type="stmt"/>
          <line num="22" count="10" type="cond" truecount="2" falsecount="0"/>
          <line num="23" count="2" type="cond" truecount="2" falsecount="0"/>
          <line num="25" count="8" type="stmt"/>
          <line num="28" count="10" type="cond" truecount="2" falsecount="0"/>
          <line num="29" count="1" type="stmt"/>
          <line num="33" count="1" type="stmt"/>
          <line num="35" count="9" type="stmt"/>
          <line num="43" count="2" type="stmt"/>
          <line num="46" count="0" type="stmt"/>
          <line num="50" count="0" type="stmt"/>
          <line num="51" count="0" type="stmt"/>
          <line num="52" count="0" type="stmt"/>
          <line num="53" count="0" type="stmt"/>
          <line num="54" count="0" type="stmt"/>
          <line num="56" count="2" type="stmt"/>
          <line num="60" count="2" type="stmt"/>
          <line num="63" count="0" type="stmt"/>
          <line num="67" count="0" type="stmt"/>
          <line num="68" count="0" type="stmt"/>
          <line num="69" count="0" type="stmt"/>
          <line num="70" count="0" type="stmt"/>
          <line num="72" count="2" type="stmt"/>
          <line num="76" count="2" type="stmt"/>
          <line num="77" count="2" type="stmt"/>
          <line num="78" count="2" type="stmt"/>
          <line num="87" count="0" type="stmt"/>
          <line num="88" count="2" type="stmt"/>
        </file>
      </package>
      <package name="sitev3.client.components.Content">
        <metrics statements="13" coveredstatements="13" conditionals="2" coveredconditionals="2" methods="7" coveredmethods="7"/>
        <file name="AddCard.jsx" path="/Users/philiplipman/IdeaProjects/sitev3/client/components/Content/AddCard.jsx">
          <metrics statements="13" coveredstatements="13" conditionals="2" coveredconditionals="2" methods="7" coveredmethods="7"/>
          <line num="22" count="3" type="stmt"/>
          <line num="23" count="3" type="stmt"/>
          <line num="29" count="3" type="stmt"/>
          <line num="35" count="3" type="stmt"/>
          <line num="39" count="1" type="stmt"/>
          <line num="58" count="3" type="stmt"/>
          <line num="59" count="3" type="stmt"/>
          <line num="65" count="1" type="stmt"/>
          <line num="66" count="1" type="stmt"/>
          <line num="76" count="3" type="stmt"/>
          <line num="77" count="3" type="cond" truecount="2" falsecount="0"/>
          <line num="87" count="3" type="stmt"/>
          <line num="89" count="3" type="stmt"/>
        </file>
      </package>
      <package name="sitev3.client.components.Content.actions">
        <metrics statements="6" coveredstatements="6" conditionals="0" coveredconditionals="0" methods="3" coveredmethods="3"/>
        <file name="contentActions.jsx" path="/Users/philiplipman/IdeaProjects/sitev3/client/components/Content/actions/contentActions.jsx">
          <metrics statements="6" coveredstatements="6" conditionals="0" coveredconditionals="0" methods="3" coveredmethods="3"/>
          <line num="1" count="4" type="stmt"/>
          <line num="2" count="4" type="stmt"/>
          <line num="3" count="4" type="stmt"/>
          <line num="6" count="1" type="stmt"/>
          <line num="13" count="1" type="stmt"/>
          <line num="20" count="2" type="stmt"/>
        </file>
      </package>
      <package name="sitev3.client.components.Content.reducers">
        <metrics statements="6" coveredstatements="6" conditionals="5" coveredconditionals="5" methods="1" coveredmethods="1"/>
        <file name="contentReducers.jsx" path="/Users/philiplipman/IdeaProjects/sitev3/client/components/Content/reducers/contentReducers.jsx">
          <metrics statements="6" coveredstatements="6" conditionals="5" coveredconditionals="5" methods="1" coveredmethods="1"/>
          <line num="7" count="1" type="stmt"/>
          <line num="12" count="4" type="cond" truecount="4" falsecount="0"/>
          <line num="14" count="1" type="stmt"/>
          <line num="20" count="1" type="stmt"/>
          <line num="26" count="1" type="stmt"/>
          <line num="32" count="1" type="stmt"/>
        </file>
      </package>
      <package name="sitev3.client.components.Content.thunks">
        <metrics statements="18" coveredstatements="15" conditionals="6" coveredconditionals="6" methods="11" coveredmethods="9"/>
        <file name="contentThunks.jsx" path="/Users/philiplipman/IdeaProjects/sitev3/client/components/Content/thunks/contentThunks.jsx">
          <metrics statements="18" coveredstatements="15" conditionals="6" coveredconditionals="6" methods="11" coveredmethods="9"/>
          <line num="11" count="8" type="stmt"/>
          <line num="13" count="8" type="cond" truecount="2" falsecount="0"/>
          <line num="14" count="2" type="cond" truecount="2" falsecount="0"/>
          <line num="16" count="6" type="stmt"/>
          <line num="19" count="8" type="cond" truecount="2" falsecount="0"/>
          <line num="20" count="1" type="stmt"/>
          <line num="25" count="7" type="stmt"/>
          <line num="33" count="2" type="stmt"/>
          <line num="38" count="0" type="stmt"/>
          <line num="39" count="0" type="stmt"/>
          <line num="42" count="2" type="stmt"/>
          <line num="47" count="2" type="stmt"/>
          <line num="48" count="2" type="stmt"/>
          <line num="49" count="2" type="stmt"/>
          <line num="63" count="0" type="stmt"/>
          <line num="66" count="2" type="stmt"/>
          <line num="72" count="1" type="stmt"/>
          <line num="73" count="1" type="stmt"/>
        </file>
      </package>
      <package name="sitev3.client.components.FormComponents">
        <metrics statements="5" coveredstatements="3" conditionals="3" coveredconditionals="3" methods="3" coveredmethods="1"/>
        <file name="formComponents.jsx" path="/Users/philiplipman/IdeaProjects/sitev3/client/components/FormComponents/formComponents.jsx">
          <metrics statements="5" coveredstatements="3" conditionals="3" coveredconditionals="3" methods="3" coveredmethods="1"/>
          <line num="5" count="4" type="stmt"/>
          <line num="15" count="2" type="stmt"/>
          <line num="26" count="4" type="stmt"/>
          <line num="27" count="0" type="stmt"/>
          <line num="29" count="0" type="stmt"/>
        </file>
      </package>
      <package name="sitev3.client.components.Layout.Header">
        <metrics statements="2" coveredstatements="2" conditionals="0" coveredconditionals="0" methods="1" coveredmethods="1"/>
        <file name="IconHeader.jsx" path="/Users/philiplipman/IdeaProjects/sitev3/client/components/Layout/Header/IconHeader.jsx">
          <metrics statements="2" coveredstatements="2" conditionals="0" coveredconditionals="0" methods="1" coveredmethods="1"/>
          <line num="25" count="1" type="stmt"/>
          <line num="27" count="1" type="stmt"/>
        </file>
      </package>
      <package name="sitev3.client.components.Pages">
        <metrics statements="8" coveredstatements="8" conditionals="2" coveredconditionals="2" methods="4" coveredmethods="4"/>
        <file name="Home.jsx" path="/Users/philiplipman/IdeaProjects/sitev3/client/components/Pages/Home.jsx">
          <metrics statements="2" coveredstatements="2" conditionals="0" coveredconditionals="0" methods="1" coveredmethods="1"/>
          <line num="5" count="1" type="stmt"/>
          <line num="6" count="1" type="stmt"/>
        </file>
        <file name="MarkdownPage.jsx" path="/Users/philiplipman/IdeaProjects/sitev3/client/components/Pages/MarkdownPage.jsx">
          <metrics statements="4" coveredstatements="4" conditionals="2" coveredconditionals="2" methods="2" coveredmethods="2"/>
          <line num="9" count="2" type="cond" truecount="2" falsecount="0"/>
          <line num="13" count="2" type="stmt"/>
          <line num="24" count="1" type="stmt"/>
          <line num="26" count="1" type="stmt"/>
        </file>
        <file name="NotFound.jsx" path="/Users/philiplipman/IdeaProjects/sitev3/client/components/Pages/NotFound.jsx">
          <metrics statements="2" coveredstatements="2" conditionals="0" coveredconditionals="0" methods="1" coveredmethods="1"/>
          <line num="5" count="1" type="stmt"/>
          <line num="6" count="1" type="stmt"/>
        </file>
      </package>
      <package name="sitev3.client.utils">
        <metrics statements="8" coveredstatements="8" conditionals="6" coveredconditionals="6" methods="1" coveredmethods="1"/>
        <file name="testUtils.jsx" path="/Users/philiplipman/IdeaProjects/sitev3/client/utils/testUtils.jsx">
          <metrics statements="8" coveredstatements="8" conditionals="6" coveredconditionals="6" methods="1" coveredmethods="1"/>
          <line num="10" count="12" type="stmt"/>
          <line num="12" count="12" type="cond" truecount="2" falsecount="0"/>
          <line num="15" count="1" type="stmt"/>
          <line num="18" count="11" type="stmt"/>
          <line num="19" count="42" type="cond" truecount="2" falsecount="0"/>
          <line num="21" count="10" type="stmt"/>
          <line num="24" count="32" type="stmt"/>
          <line num="27" count="1" type="stmt"/>
        </file>
      </package>
      <package name="sitev3.client.utils.config">
        <metrics statements="1" coveredstatements="1" conditionals="0" coveredconditionals="0" methods="0" coveredmethods="0"/>
        <file name="config.jsx" path="/Users/philiplipman/IdeaProjects/sitev3/client/utils/config/config.jsx">
          <metrics statements="1" coveredstatements="1" conditionals="0" coveredconditionals="0" methods="0" coveredmethods="0"/>
          <line num="1" count="5" type="stmt"/>
        </file>
      </package>
    </metrics>
  </project>
</coverage>
