{"/Users/philiplipman/IdeaProjects/sitev3/jestSetup.js": {"path":"/Users/philiplipman/IdeaProjects/sitev3/jestSetup.js","statementMap":{"0":{"start":{"line":4,"column":0},"end":{"line":4,"column":45}}},"fnMap":{},"branchMap":{},"s":{"0":15},"f":{},"b":{},"_coverageSchema":"332fd63041d2c1bcb487cc26dd0d5f7d97098a6c","hash":"66d64641b69e751549038261c81cb83fea2f6e9e"}
,"/Users/philiplipman/IdeaProjects/sitev3/client/components/Auth/Login.jsx": {"path":"/Users/philiplipman/IdeaProjects/sitev3/client/components/Auth/Login.jsx","statementMap":{"0":{"start":{"line":11,"column":24},"end":{"line":13,"column":2}},"1":{"start":{"line":11,"column":34},"end":{"line":13,"column":1}},"2":{"start":{"line":15,"column":27},"end":{"line":17,"column":2}},"3":{"start":{"line":15,"column":40},"end":{"line":17,"column":1}},"4":{"start":{"line":19,"column":13},"end":{"line":21,"column":1}},"5":{"start":{"line":37,"column":26},"end":{"line":37,"column":36}},"6":{"start":{"line":38,"column":8},"end":{"line":38,"column":25}},"7":{"start":{"line":44,"column":12},"end":{"line":44,"column":22}},"8":{"start":{"line":45,"column":8},"end":{"line":49,"column":10}},"9":{"start":{"line":55,"column":12},"end":{"line":55,"column":22}},"10":{"start":{"line":57,"column":8},"end":{"line":88,"column":10}}},"fnMap":{"0":{"name":"(anonymous_0)","decl":{"start":{"line":11,"column":24},"end":{"line":11,"column":25}},"loc":{"start":{"line":11,"column":34},"end":{"line":13,"column":1}},"line":11},"1":{"name":"(anonymous_1)","decl":{"start":{"line":15,"column":27},"end":{"line":15,"column":28}},"loc":{"start":{"line":15,"column":40},"end":{"line":17,"column":1}},"line":15},"2":{"name":"(anonymous_2)","decl":{"start":{"line":36,"column":24},"end":{"line":36,"column":25}},"loc":{"start":{"line":36,"column":39},"end":{"line":39,"column":5}},"line":36},"3":{"name":"(anonymous_3)","decl":{"start":{"line":41,"column":4},"end":{"line":41,"column":5}},"loc":{"start":{"line":41,"column":18},"end":{"line":50,"column":5}},"line":41},"4":{"name":"(anonymous_4)","decl":{"start":{"line":52,"column":4},"end":{"line":52,"column":5}},"loc":{"start":{"line":52,"column":13},"end":{"line":89,"column":5}},"line":52}},"branchMap":{"0":{"loc":{"start":{"line":45,"column":15},"end":{"line":49,"column":9}},"type":"binary-expr","locations":[{"start":{"line":45,"column":15},"end":{"line":45,"column":27}},{"start":{"line":46,"column":12},"end":{"line":48,"column":18}}],"line":45}},"s":{"0":1,"1":3,"2":1,"3":3,"4":1,"5":1,"6":1,"7":3,"8":3,"9":3,"10":3},"f":{"0":3,"1":3,"2":1,"3":3,"4":3},"b":{"0":[3,1]},"_coverageSchema":"332fd63041d2c1bcb487cc26dd0d5f7d97098a6c","hash":"4be321c675df40631765d8ae07b264143c649371"}
,"/Users/philiplipman/IdeaProjects/sitev3/client/components/Auth/Register.jsx": {"path":"/Users/philiplipman/IdeaProjects/sitev3/client/components/Auth/Register.jsx","statementMap":{"0":{"start":{"line":11,"column":24},"end":{"line":14,"column":2}},"1":{"start":{"line":11,"column":34},"end":{"line":14,"column":1}},"2":{"start":{"line":16,"column":27},"end":{"line":18,"column":2}},"3":{"start":{"line":16,"column":40},"end":{"line":18,"column":1}},"4":{"start":{"line":21,"column":19},"end":{"line":21,"column":21}},"5":{"start":{"line":23,"column":4},"end":{"line":25,"column":5}},"6":{"start":{"line":24,"column":8},"end":{"line":24,"column":56}},"7":{"start":{"line":27,"column":4},"end":{"line":29,"column":5}},"8":{"start":{"line":28,"column":8},"end":{"line":28,"column":54}},"9":{"start":{"line":31,"column":4},"end":{"line":33,"column":5}},"10":{"start":{"line":32,"column":8},"end":{"line":32,"column":56}},"11":{"start":{"line":35,"column":4},"end":{"line":37,"column":5}},"12":{"start":{"line":36,"column":8},"end":{"line":36,"column":53}},"13":{"start":{"line":39,"column":4},"end":{"line":39,"column":18}},"14":{"start":{"line":42,"column":13},"end":{"line":45,"column":1}},"15":{"start":{"line":61,"column":29},"end":{"line":61,"column":39}},"16":{"start":{"line":62,"column":8},"end":{"line":62,"column":28}},"17":{"start":{"line":68,"column":12},"end":{"line":68,"column":22}},"18":{"start":{"line":69,"column":8},"end":{"line":73,"column":10}},"19":{"start":{"line":79,"column":12},"end":{"line":79,"column":22}},"20":{"start":{"line":81,"column":8},"end":{"line":132,"column":10}}},"fnMap":{"0":{"name":"(anonymous_0)","decl":{"start":{"line":11,"column":24},"end":{"line":11,"column":25}},"loc":{"start":{"line":11,"column":34},"end":{"line":14,"column":1}},"line":11},"1":{"name":"(anonymous_1)","decl":{"start":{"line":16,"column":27},"end":{"line":16,"column":28}},"loc":{"start":{"line":16,"column":40},"end":{"line":18,"column":1}},"line":16},"2":{"name":"validate","decl":{"start":{"line":20,"column":16},"end":{"line":20,"column":24}},"loc":{"start":{"line":20,"column":36},"end":{"line":40,"column":1}},"line":20},"3":{"name":"(anonymous_3)","decl":{"start":{"line":60,"column":27},"end":{"line":60,"column":28}},"loc":{"start":{"line":60,"column":42},"end":{"line":63,"column":5}},"line":60},"4":{"name":"(anonymous_4)","decl":{"start":{"line":65,"column":4},"end":{"line":65,"column":5}},"loc":{"start":{"line":65,"column":18},"end":{"line":74,"column":5}},"line":65},"5":{"name":"(anonymous_5)","decl":{"start":{"line":76,"column":4},"end":{"line":76,"column":5}},"loc":{"start":{"line":76,"column":13},"end":{"line":133,"column":5}},"line":76}},"branchMap":{"0":{"loc":{"start":{"line":23,"column":4},"end":{"line":25,"column":5}},"type":"if","locations":[{"start":{"line":23,"column":4},"end":{"line":25,"column":5}},{"start":{"line":23,"column":4},"end":{"line":25,"column":5}}],"line":23},"1":{"loc":{"start":{"line":27,"column":4},"end":{"line":29,"column":5}},"type":"if","locations":[{"start":{"line":27,"column":4},"end":{"line":29,"column":5}},{"start":{"line":27,"column":4},"end":{"line":29,"column":5}}],"line":27},"2":{"loc":{"start":{"line":31,"column":4},"end":{"line":33,"column":5}},"type":"if","locations":[{"start":{"line":31,"column":4},"end":{"line":33,"column":5}},{"start":{"line":31,"column":4},"end":{"line":33,"column":5}}],"line":31},"3":{"loc":{"start":{"line":35,"column":4},"end":{"line":37,"column":5}},"type":"if","locations":[{"start":{"line":35,"column":4},"end":{"line":37,"column":5}},{"start":{"line":35,"column":4},"end":{"line":37,"column":5}}],"line":35},"4":{"loc":{"start":{"line":69,"column":15},"end":{"line":73,"column":9}},"type":"binary-expr","locations":[{"start":{"line":69,"column":15},"end":{"line":69,"column":27}},{"start":{"line":70,"column":12},"end":{"line":72,"column":18}}],"line":69}},"s":{"0":1,"1":3,"2":1,"3":3,"4":5,"5":5,"6":4,"7":5,"8":4,"9":5,"10":4,"11":5,"12":4,"13":5,"14":1,"15":1,"16":1,"17":3,"18":3,"19":3,"20":3},"f":{"0":3,"1":3,"2":5,"3":1,"4":3,"5":3},"b":{"0":[4,1],"1":[4,1],"2":[4,1],"3":[4,1],"4":[3,1]},"_coverageSchema":"332fd63041d2c1bcb487cc26dd0d5f7d97098a6c","hash":"a3226739d7b7cb3ec1e2ddb77b4415152c3967ac"}
,"/Users/philiplipman/IdeaProjects/sitev3/client/components/Auth/actions/authActions.jsx": {"path":"/Users/philiplipman/IdeaProjects/sitev3/client/components/Auth/actions/authActions.jsx","statementMap":{"0":{"start":{"line":1,"column":25},"end":{"line":1,"column":36}},"1":{"start":{"line":2,"column":26},"end":{"line":2,"column":38}},"2":{"start":{"line":3,"column":27},"end":{"line":3,"column":40}},"3":{"start":{"line":4,"column":30},"end":{"line":4,"column":46}},"4":{"start":{"line":7,"column":4},"end":{"line":10,"column":6}},"5":{"start":{"line":14,"column":4},"end":{"line":17,"column":6}},"6":{"start":{"line":21,"column":4},"end":{"line":23,"column":6}},"7":{"start":{"line":27,"column":4},"end":{"line":30,"column":6}}},"fnMap":{"0":{"name":"authenticateUser","decl":{"start":{"line":6,"column":16},"end":{"line":6,"column":32}},"loc":{"start":{"line":6,"column":39},"end":{"line":11,"column":1}},"line":6},"1":{"name":"authenticationError","decl":{"start":{"line":13,"column":16},"end":{"line":13,"column":35}},"loc":{"start":{"line":13,"column":45},"end":{"line":18,"column":1}},"line":13},"2":{"name":"unauthenticateUser","decl":{"start":{"line":20,"column":16},"end":{"line":20,"column":34}},"loc":{"start":{"line":20,"column":37},"end":{"line":24,"column":1}},"line":20},"3":{"name":"protectedTest","decl":{"start":{"line":26,"column":16},"end":{"line":26,"column":29}},"loc":{"start":{"line":26,"column":39},"end":{"line":31,"column":1}},"line":26}},"branchMap":{},"s":{"0":5,"1":5,"2":5,"3":5,"4":1,"5":1,"6":2,"7":1},"f":{"0":1,"1":1,"2":2,"3":1},"b":{},"_coverageSchema":"332fd63041d2c1bcb487cc26dd0d5f7d97098a6c","hash":"70d0bd184283178d186e733aee8c92a8ba2b5159"}
,"/Users/philiplipman/IdeaProjects/sitev3/client/components/Auth/reducers/authReducers.jsx": {"path":"/Users/philiplipman/IdeaProjects/sitev3/client/components/Auth/reducers/authReducers.jsx","statementMap":{"0":{"start":{"line":8,"column":22},"end":{"line":13,"column":1}},"1":{"start":{"line":16,"column":4},"end":{"line":46,"column":5}},"2":{"start":{"line":18,"column":12},"end":{"line":24,"column":14}},"3":{"start":{"line":27,"column":12},"end":{"line":30,"column":14}},"4":{"start":{"line":33,"column":12},"end":{"line":35,"column":14}},"5":{"start":{"line":38,"column":12},"end":{"line":41,"column":14}},"6":{"start":{"line":44,"column":12},"end":{"line":44,"column":25}}},"fnMap":{"0":{"name":"(anonymous_0)","decl":{"start":{"line":15,"column":15},"end":{"line":15,"column":16}},"loc":{"start":{"line":15,"column":56},"end":{"line":47,"column":1}},"line":15}},"branchMap":{"0":{"loc":{"start":{"line":15,"column":25},"end":{"line":15,"column":46}},"type":"default-arg","locations":[{"start":{"line":15,"column":33},"end":{"line":15,"column":46}}],"line":15},"1":{"loc":{"start":{"line":16,"column":4},"end":{"line":46,"column":5}},"type":"switch","locations":[{"start":{"line":17,"column":8},"end":{"line":25,"column":9}},{"start":{"line":26,"column":8},"end":{"line":31,"column":9}},{"start":{"line":32,"column":8},"end":{"line":36,"column":9}},{"start":{"line":37,"column":8},"end":{"line":42,"column":9}},{"start":{"line":43,"column":8},"end":{"line":45,"column":9}}],"line":16}},"s":{"0":1,"1":5,"2":1,"3":1,"4":1,"5":1,"6":1},"f":{"0":5},"b":{"0":[1],"1":[1,1,1,1,1]},"_coverageSchema":"332fd63041d2c1bcb487cc26dd0d5f7d97098a6c","hash":"dcd893d9f8f2efa49417591953ef4246dde1323d"}
,"/Users/philiplipman/IdeaProjects/sitev3/client/components/Auth/thunks/authThunks.jsx": {"path":"/Users/philiplipman/IdeaProjects/sitev3/client/components/Auth/thunks/authThunks.jsx","statementMap":{"0":{"start":{"line":11,"column":4},"end":{"line":16,"column":6}},"1":{"start":{"line":12,"column":8},"end":{"line":12,"column":58}},"2":{"start":{"line":13,"column":23},"end":{"line":13,"column":36}},"3":{"start":{"line":14,"column":8},"end":{"line":14,"column":46}},"4":{"start":{"line":15,"column":8},"end":{"line":15,"column":45}},"5":{"start":{"line":20,"column":23},"end":{"line":20,"column":25}},"6":{"start":{"line":22,"column":4},"end":{"line":26,"column":5}},"7":{"start":{"line":23,"column":8},"end":{"line":23,"column":54}},"8":{"start":{"line":25,"column":8},"end":{"line":25,"column":29}},"9":{"start":{"line":28,"column":4},"end":{"line":39,"column":5}},"10":{"start":{"line":29,"column":8},"end":{"line":32,"column":11}},"11":{"start":{"line":33,"column":8},"end":{"line":33,"column":21}},"12":{"start":{"line":35,"column":8},"end":{"line":38,"column":11}},"13":{"start":{"line":43,"column":4},"end":{"line":56,"column":95}},"14":{"start":{"line":43,"column":23},"end":{"line":56,"column":94}},"15":{"start":{"line":46,"column":27},"end":{"line":46,"column":40}},"16":{"start":{"line":50,"column":16},"end":{"line":50,"column":29}},"17":{"start":{"line":51,"column":12},"end":{"line":51,"column":54}},"18":{"start":{"line":52,"column":12},"end":{"line":52,"column":52}},"19":{"start":{"line":53,"column":12},"end":{"line":53,"column":64}},"20":{"start":{"line":54,"column":12},"end":{"line":54,"column":50}},"21":{"start":{"line":56,"column":24},"end":{"line":56,"column":93}},"22":{"start":{"line":60,"column":4},"end":{"line":72,"column":95}},"23":{"start":{"line":60,"column":23},"end":{"line":72,"column":94}},"24":{"start":{"line":63,"column":27},"end":{"line":63,"column":40}},"25":{"start":{"line":67,"column":16},"end":{"line":67,"column":29}},"26":{"start":{"line":68,"column":12},"end":{"line":68,"column":54}},"27":{"start":{"line":69,"column":12},"end":{"line":69,"column":52}},"28":{"start":{"line":70,"column":12},"end":{"line":70,"column":64}},"29":{"start":{"line":72,"column":24},"end":{"line":72,"column":93}},"30":{"start":{"line":76,"column":4},"end":{"line":89,"column":6}},"31":{"start":{"line":77,"column":23},"end":{"line":77,"column":36}},"32":{"start":{"line":78,"column":8},"end":{"line":88,"column":99}},"33":{"start":{"line":87,"column":30},"end":{"line":87,"column":95}},"34":{"start":{"line":88,"column":28},"end":{"line":88,"column":97}}},"fnMap":{"0":{"name":"logoutUser","decl":{"start":{"line":10,"column":16},"end":{"line":10,"column":26}},"loc":{"start":{"line":10,"column":29},"end":{"line":17,"column":1}},"line":10},"1":{"name":"(anonymous_1)","decl":{"start":{"line":11,"column":11},"end":{"line":11,"column":12}},"loc":{"start":{"line":11,"column":25},"end":{"line":16,"column":5}},"line":11},"2":{"name":"errorHandler","decl":{"start":{"line":19,"column":16},"end":{"line":19,"column":28}},"loc":{"start":{"line":19,"column":52},"end":{"line":40,"column":1}},"line":19},"3":{"name":"loginUser","decl":{"start":{"line":42,"column":16},"end":{"line":42,"column":25}},"loc":{"start":{"line":42,"column":47},"end":{"line":57,"column":1}},"line":42},"4":{"name":"(anonymous_4)","decl":{"start":{"line":43,"column":11},"end":{"line":43,"column":12}},"loc":{"start":{"line":43,"column":23},"end":{"line":56,"column":94}},"line":43},"5":{"name":"(anonymous_5)","decl":{"start":{"line":45,"column":14},"end":{"line":45,"column":15}},"loc":{"start":{"line":45,"column":28},"end":{"line":55,"column":9}},"line":45},"6":{"name":"(anonymous_6)","decl":{"start":{"line":56,"column":15},"end":{"line":56,"column":16}},"loc":{"start":{"line":56,"column":24},"end":{"line":56,"column":93}},"line":56},"7":{"name":"registerUser","decl":{"start":{"line":59,"column":16},"end":{"line":59,"column":28}},"loc":{"start":{"line":59,"column":71},"end":{"line":73,"column":1}},"line":59},"8":{"name":"(anonymous_8)","decl":{"start":{"line":60,"column":11},"end":{"line":60,"column":12}},"loc":{"start":{"line":60,"column":23},"end":{"line":72,"column":94}},"line":60},"9":{"name":"(anonymous_9)","decl":{"start":{"line":62,"column":14},"end":{"line":62,"column":15}},"loc":{"start":{"line":62,"column":28},"end":{"line":71,"column":9}},"line":62},"10":{"name":"(anonymous_10)","decl":{"start":{"line":72,"column":15},"end":{"line":72,"column":16}},"loc":{"start":{"line":72,"column":24},"end":{"line":72,"column":93}},"line":72},"11":{"name":"protectedTest","decl":{"start":{"line":75,"column":16},"end":{"line":75,"column":29}},"loc":{"start":{"line":75,"column":32},"end":{"line":90,"column":1}},"line":75},"12":{"name":"(anonymous_12)","decl":{"start":{"line":76,"column":11},"end":{"line":76,"column":12}},"loc":{"start":{"line":76,"column":25},"end":{"line":89,"column":5}},"line":76},"13":{"name":"(anonymous_13)","decl":{"start":{"line":87,"column":18},"end":{"line":87,"column":19}},"loc":{"start":{"line":87,"column":30},"end":{"line":87,"column":95}},"line":87},"14":{"name":"(anonymous_14)","decl":{"start":{"line":88,"column":19},"end":{"line":88,"column":20}},"loc":{"start":{"line":88,"column":28},"end":{"line":88,"column":97}},"line":88}},"branchMap":{"0":{"loc":{"start":{"line":22,"column":4},"end":{"line":26,"column":5}},"type":"if","locations":[{"start":{"line":22,"column":4},"end":{"line":26,"column":5}},{"start":{"line":22,"column":4},"end":{"line":26,"column":5}}],"line":22},"1":{"loc":{"start":{"line":23,"column":23},"end":{"line":23,"column":53}},"type":"binary-expr","locations":[{"start":{"line":23,"column":23},"end":{"line":23,"column":39}},{"start":{"line":23,"column":43},"end":{"line":23,"column":53}}],"line":23},"2":{"loc":{"start":{"line":28,"column":4},"end":{"line":39,"column":5}},"type":"if","locations":[{"start":{"line":28,"column":4},"end":{"line":39,"column":5}},{"start":{"line":28,"column":4},"end":{"line":39,"column":5}}],"line":28}},"s":{"0":2,"1":1,"2":1,"3":1,"4":1,"5":10,"6":10,"7":2,"8":8,"9":10,"10":1,"11":1,"12":9,"13":2,"14":2,"15":0,"16":0,"17":0,"18":0,"19":0,"20":0,"21":2,"22":2,"23":2,"24":0,"25":0,"26":0,"27":0,"28":0,"29":2,"30":2,"31":2,"32":2,"33":0,"34":2},"f":{"0":2,"1":1,"2":10,"3":2,"4":2,"5":0,"6":2,"7":2,"8":2,"9":0,"10":2,"11":2,"12":2,"13":0,"14":2},"b":{"0":[2,8],"1":[2,1],"2":[1,9]},"_coverageSchema":"332fd63041d2c1bcb487cc26dd0d5f7d97098a6c","hash":"9fe2471e631497ae72bb4c5f4bcc4ecdfd81fa71"}
,"/Users/philiplipman/IdeaProjects/sitev3/client/components/Content/AddCard.jsx": {"path":"/Users/philiplipman/IdeaProjects/sitev3/client/components/Content/AddCard.jsx","statementMap":{"0":{"start":{"line":22,"column":24},"end":{"line":33,"column":2}},"1":{"start":{"line":22,"column":34},"end":{"line":33,"column":1}},"2":{"start":{"line":23,"column":26},"end":{"line":28,"column":5}},"3":{"start":{"line":29,"column":4},"end":{"line":32,"column":6}},"4":{"start":{"line":35,"column":27},"end":{"line":37,"column":2}},"5":{"start":{"line":35,"column":40},"end":{"line":37,"column":1}},"6":{"start":{"line":39,"column":13},"end":{"line":41,"column":1}},"7":{"start":{"line":58,"column":8},"end":{"line":58,"column":16}},"8":{"start":{"line":59,"column":8},"end":{"line":61,"column":10}},"9":{"start":{"line":65,"column":37},"end":{"line":65,"column":47}},"10":{"start":{"line":66,"column":8},"end":{"line":70,"column":15}},"11":{"start":{"line":76,"column":12},"end":{"line":76,"column":22}},"12":{"start":{"line":77,"column":8},"end":{"line":81,"column":10}},"13":{"start":{"line":87,"column":12},"end":{"line":87,"column":22}},"14":{"start":{"line":89,"column":8},"end":{"line":119,"column":10}}},"fnMap":{"0":{"name":"(anonymous_0)","decl":{"start":{"line":22,"column":24},"end":{"line":22,"column":25}},"loc":{"start":{"line":22,"column":34},"end":{"line":33,"column":1}},"line":22},"1":{"name":"(anonymous_1)","decl":{"start":{"line":22,"column":34},"end":{"line":22,"column":35}},"loc":{"start":{"line":22,"column":40},"end":{"line":33,"column":1}},"line":22},"2":{"name":"(anonymous_2)","decl":{"start":{"line":35,"column":27},"end":{"line":35,"column":28}},"loc":{"start":{"line":35,"column":40},"end":{"line":37,"column":1}},"line":35},"3":{"name":"(anonymous_3)","decl":{"start":{"line":57,"column":4},"end":{"line":57,"column":5}},"loc":{"start":{"line":57,"column":18},"end":{"line":62,"column":5}},"line":57},"4":{"name":"(anonymous_4)","decl":{"start":{"line":64,"column":26},"end":{"line":64,"column":27}},"loc":{"start":{"line":64,"column":41},"end":{"line":71,"column":5}},"line":64},"5":{"name":"(anonymous_5)","decl":{"start":{"line":73,"column":4},"end":{"line":73,"column":5}},"loc":{"start":{"line":73,"column":18},"end":{"line":82,"column":5}},"line":73},"6":{"name":"(anonymous_6)","decl":{"start":{"line":84,"column":4},"end":{"line":84,"column":5}},"loc":{"start":{"line":84,"column":13},"end":{"line":120,"column":5}},"line":84}},"branchMap":{"0":{"loc":{"start":{"line":77,"column":15},"end":{"line":81,"column":9}},"type":"binary-expr","locations":[{"start":{"line":77,"column":15},"end":{"line":77,"column":27}},{"start":{"line":78,"column":12},"end":{"line":80,"column":18}}],"line":77}},"s":{"0":1,"1":3,"2":3,"3":3,"4":1,"5":3,"6":1,"7":3,"8":3,"9":1,"10":1,"11":3,"12":3,"13":3,"14":3},"f":{"0":3,"1":3,"2":3,"3":3,"4":1,"5":3,"6":3},"b":{"0":[3,1]},"_coverageSchema":"332fd63041d2c1bcb487cc26dd0d5f7d97098a6c","hash":"c50ea2718d166b97b7870e272f28d67bd7a5cfd4"}
,"/Users/philiplipman/IdeaProjects/sitev3/client/components/Content/actions/contentActions.jsx": {"path":"/Users/philiplipman/IdeaProjects/sitev3/client/components/Content/actions/contentActions.jsx","statementMap":{"0":{"start":{"line":1,"column":25},"end":{"line":1,"column":36}},"1":{"start":{"line":2,"column":29},"end":{"line":2,"column":44}},"2":{"start":{"line":3,"column":33},"end":{"line":3,"column":52}},"3":{"start":{"line":6,"column":4},"end":{"line":9,"column":6}},"4":{"start":{"line":13,"column":4},"end":{"line":16,"column":6}},"5":{"start":{"line":20,"column":4},"end":{"line":23,"column":6}}},"fnMap":{"0":{"name":"getCards","decl":{"start":{"line":5,"column":16},"end":{"line":5,"column":24}},"loc":{"start":{"line":5,"column":32},"end":{"line":10,"column":1}},"line":5},"1":{"name":"contentError","decl":{"start":{"line":12,"column":16},"end":{"line":12,"column":28}},"loc":{"start":{"line":12,"column":38},"end":{"line":17,"column":1}},"line":12},"2":{"name":"setSelectedCard","decl":{"start":{"line":19,"column":16},"end":{"line":19,"column":31}},"loc":{"start":{"line":19,"column":40},"end":{"line":24,"column":1}},"line":19}},"branchMap":{},"s":{"0":4,"1":4,"2":4,"3":1,"4":1,"5":2},"f":{"0":1,"1":1,"2":2},"b":{},"_coverageSchema":"332fd63041d2c1bcb487cc26dd0d5f7d97098a6c","hash":"0fdc1e23f377e8d1bb72bde01dc7e2c0ecb0b69c"}
,"/Users/philiplipman/IdeaProjects/sitev3/client/components/Content/reducers/contentReducers.jsx": {"path":"/Users/philiplipman/IdeaProjects/sitev3/client/components/Content/reducers/contentReducers.jsx","statementMap":{"0":{"start":{"line":7,"column":22},"end":{"line":9,"column":1}},"1":{"start":{"line":12,"column":4},"end":{"line":34,"column":5}},"2":{"start":{"line":14,"column":12},"end":{"line":17,"column":14}},"3":{"start":{"line":20,"column":12},"end":{"line":23,"column":14}},"4":{"start":{"line":26,"column":12},"end":{"line":29,"column":14}},"5":{"start":{"line":32,"column":12},"end":{"line":32,"column":25}}},"fnMap":{"0":{"name":"(anonymous_0)","decl":{"start":{"line":11,"column":15},"end":{"line":11,"column":16}},"loc":{"start":{"line":11,"column":56},"end":{"line":35,"column":1}},"line":11}},"branchMap":{"0":{"loc":{"start":{"line":11,"column":25},"end":{"line":11,"column":46}},"type":"default-arg","locations":[{"start":{"line":11,"column":33},"end":{"line":11,"column":46}}],"line":11},"1":{"loc":{"start":{"line":12,"column":4},"end":{"line":34,"column":5}},"type":"switch","locations":[{"start":{"line":13,"column":8},"end":{"line":18,"column":9}},{"start":{"line":19,"column":8},"end":{"line":24,"column":9}},{"start":{"line":25,"column":8},"end":{"line":30,"column":9}},{"start":{"line":31,"column":8},"end":{"line":33,"column":9}}],"line":12}},"s":{"0":1,"1":4,"2":1,"3":1,"4":1,"5":1},"f":{"0":4},"b":{"0":[1],"1":[1,1,1,1]},"_coverageSchema":"332fd63041d2c1bcb487cc26dd0d5f7d97098a6c","hash":"3edf57ab3e635c4cc71b937a2b217d17df0f5b90"}
,"/Users/philiplipman/IdeaProjects/sitev3/client/components/Content/thunks/contentThunks.jsx": {"path":"/Users/philiplipman/IdeaProjects/sitev3/client/components/Content/thunks/contentThunks.jsx","statementMap":{"0":{"start":{"line":11,"column":23},"end":{"line":11,"column":25}},"1":{"start":{"line":13,"column":4},"end":{"line":17,"column":5}},"2":{"start":{"line":14,"column":8},"end":{"line":14,"column":54}},"3":{"start":{"line":16,"column":8},"end":{"line":16,"column":29}},"4":{"start":{"line":19,"column":4},"end":{"line":29,"column":5}},"5":{"start":{"line":20,"column":8},"end":{"line":23,"column":11}},"6":{"start":{"line":25,"column":8},"end":{"line":28,"column":11}},"7":{"start":{"line":33,"column":4},"end":{"line":43,"column":11}},"8":{"start":{"line":33,"column":23},"end":{"line":43,"column":10}},"9":{"start":{"line":38,"column":16},"end":{"line":38,"column":29}},"10":{"start":{"line":39,"column":12},"end":{"line":39,"column":60}},"11":{"start":{"line":42,"column":12},"end":{"line":42,"column":88}},"12":{"start":{"line":47,"column":4},"end":{"line":68,"column":6}},"13":{"start":{"line":48,"column":23},"end":{"line":48,"column":36}},"14":{"start":{"line":49,"column":8},"end":{"line":67,"column":15}},"15":{"start":{"line":63,"column":16},"end":{"line":63,"column":27}},"16":{"start":{"line":66,"column":16},"end":{"line":66,"column":92}},"17":{"start":{"line":72,"column":4},"end":{"line":74,"column":6}},"18":{"start":{"line":73,"column":8},"end":{"line":73,"column":64}}},"fnMap":{"0":{"name":"errorHandler","decl":{"start":{"line":10,"column":16},"end":{"line":10,"column":28}},"loc":{"start":{"line":10,"column":52},"end":{"line":30,"column":1}},"line":10},"1":{"name":"getCards","decl":{"start":{"line":32,"column":16},"end":{"line":32,"column":24}},"loc":{"start":{"line":32,"column":27},"end":{"line":44,"column":1}},"line":32},"2":{"name":"(anonymous_2)","decl":{"start":{"line":33,"column":11},"end":{"line":33,"column":12}},"loc":{"start":{"line":33,"column":23},"end":{"line":43,"column":10}},"line":33},"3":{"name":"(anonymous_3)","decl":{"start":{"line":35,"column":14},"end":{"line":35,"column":15}},"loc":{"start":{"line":35,"column":28},"end":{"line":40,"column":9}},"line":35},"4":{"name":"(anonymous_4)","decl":{"start":{"line":41,"column":15},"end":{"line":41,"column":16}},"loc":{"start":{"line":41,"column":26},"end":{"line":43,"column":9}},"line":41},"5":{"name":"addNewCard","decl":{"start":{"line":46,"column":16},"end":{"line":46,"column":26}},"loc":{"start":{"line":46,"column":57},"end":{"line":69,"column":1}},"line":46},"6":{"name":"(anonymous_6)","decl":{"start":{"line":47,"column":11},"end":{"line":47,"column":12}},"loc":{"start":{"line":47,"column":25},"end":{"line":68,"column":5}},"line":47},"7":{"name":"(anonymous_7)","decl":{"start":{"line":62,"column":18},"end":{"line":62,"column":19}},"loc":{"start":{"line":62,"column":24},"end":{"line":64,"column":13}},"line":62},"8":{"name":"(anonymous_8)","decl":{"start":{"line":65,"column":19},"end":{"line":65,"column":20}},"loc":{"start":{"line":65,"column":30},"end":{"line":67,"column":13}},"line":65},"9":{"name":"setSelectedCard","decl":{"start":{"line":71,"column":16},"end":{"line":71,"column":31}},"loc":{"start":{"line":71,"column":44},"end":{"line":75,"column":1}},"line":71},"10":{"name":"(anonymous_10)","decl":{"start":{"line":72,"column":11},"end":{"line":72,"column":12}},"loc":{"start":{"line":72,"column":25},"end":{"line":74,"column":5}},"line":72}},"branchMap":{"0":{"loc":{"start":{"line":13,"column":4},"end":{"line":17,"column":5}},"type":"if","locations":[{"start":{"line":13,"column":4},"end":{"line":17,"column":5}},{"start":{"line":13,"column":4},"end":{"line":17,"column":5}}],"line":13},"1":{"loc":{"start":{"line":14,"column":23},"end":{"line":14,"column":53}},"type":"binary-expr","locations":[{"start":{"line":14,"column":23},"end":{"line":14,"column":39}},{"start":{"line":14,"column":43},"end":{"line":14,"column":53}}],"line":14},"2":{"loc":{"start":{"line":19,"column":4},"end":{"line":29,"column":5}},"type":"if","locations":[{"start":{"line":19,"column":4},"end":{"line":29,"column":5}},{"start":{"line":19,"column":4},"end":{"line":29,"column":5}}],"line":19}},"s":{"0":8,"1":8,"2":2,"3":6,"4":8,"5":1,"6":7,"7":2,"8":2,"9":0,"10":0,"11":2,"12":2,"13":2,"14":2,"15":0,"16":2,"17":1,"18":1},"f":{"0":8,"1":2,"2":2,"3":0,"4":2,"5":2,"6":2,"7":0,"8":2,"9":1,"10":1},"b":{"0":[2,6],"1":[2,1],"2":[1,7]},"_coverageSchema":"332fd63041d2c1bcb487cc26dd0d5f7d97098a6c","hash":"2cc848af88342f87ad6b56bf5969d49126731d61"}
,"/Users/philiplipman/IdeaProjects/sitev3/client/components/FormComponents/formComponents.jsx": {"path":"/Users/philiplipman/IdeaProjects/sitev3/client/components/FormComponents/formComponents.jsx","statementMap":{"0":{"start":{"line":5,"column":27},"end":{"line":23,"column":1}},"1":{"start":{"line":15,"column":4},"end":{"line":22,"column":10}},"2":{"start":{"line":26,"column":30},"end":{"line":36,"column":1}},"3":{"start":{"line":27,"column":4},"end":{"line":35,"column":6}},"4":{"start":{"line":29,"column":27},"end":{"line":29,"column":54}}},"fnMap":{"0":{"name":"(anonymous_0)","decl":{"start":{"line":5,"column":27},"end":{"line":5,"column":28}},"loc":{"start":{"line":15,"column":4},"end":{"line":22,"column":10}},"line":15},"1":{"name":"(anonymous_1)","decl":{"start":{"line":26,"column":30},"end":{"line":26,"column":31}},"loc":{"start":{"line":27,"column":4},"end":{"line":35,"column":6}},"line":27},"2":{"name":"(anonymous_2)","decl":{"start":{"line":29,"column":18},"end":{"line":29,"column":19}},"loc":{"start":{"line":29,"column":27},"end":{"line":29,"column":54}},"line":29}},"branchMap":{"0":{"loc":{"start":{"line":21,"column":9},"end":{"line":21,"column":49}},"type":"binary-expr","locations":[{"start":{"line":21,"column":9},"end":{"line":21,"column":16}},{"start":{"line":21,"column":20},"end":{"line":21,"column":25}},{"start":{"line":21,"column":29},"end":{"line":21,"column":49}}],"line":21}},"s":{"0":4,"1":2,"2":4,"3":0,"4":0},"f":{"0":2,"1":0,"2":0},"b":{"0":[2,1,1]},"_coverageSchema":"332fd63041d2c1bcb487cc26dd0d5f7d97098a6c","hash":"5e8bf867e0e139b32c4c1b02524d3f9897ea89bf"}
,"/Users/philiplipman/IdeaProjects/sitev3/client/components/Layout/Header/IconHeader.jsx": {"path":"/Users/philiplipman/IdeaProjects/sitev3/client/components/Layout/Header/IconHeader.jsx","statementMap":{"0":{"start":{"line":25,"column":12},"end":{"line":25,"column":22}},"1":{"start":{"line":27,"column":8},"end":{"line":41,"column":10}}},"fnMap":{"0":{"name":"(anonymous_0)","decl":{"start":{"line":19,"column":4},"end":{"line":19,"column":5}},"loc":{"start":{"line":19,"column":13},"end":{"line":42,"column":5}},"line":19}},"branchMap":{},"s":{"0":1,"1":1},"f":{"0":1},"b":{},"_coverageSchema":"332fd63041d2c1bcb487cc26dd0d5f7d97098a6c","hash":"91219248656d0769507a0ce181a956a9f9c6ecb2"}
,"/Users/philiplipman/IdeaProjects/sitev3/client/components/Pages/Home.jsx": {"path":"/Users/philiplipman/IdeaProjects/sitev3/client/components/Pages/Home.jsx","statementMap":{"0":{"start":{"line":5,"column":13},"end":{"line":15,"column":1}},"1":{"start":{"line":6,"column":4},"end":{"line":14,"column":10}}},"fnMap":{"0":{"name":"(anonymous_0)","decl":{"start":{"line":5,"column":13},"end":{"line":5,"column":14}},"loc":{"start":{"line":6,"column":4},"end":{"line":14,"column":10}},"line":6}},"branchMap":{},"s":{"0":1,"1":1},"f":{"0":1},"b":{},"_coverageSchema":"332fd63041d2c1bcb487cc26dd0d5f7d97098a6c","hash":"5537ffe4fcf0310fad0a8979d36e8289514b08e2"}
,"/Users/philiplipman/IdeaProjects/sitev3/client/components/Pages/MarkdownPage.jsx": {"path":"/Users/philiplipman/IdeaProjects/sitev3/client/components/Pages/MarkdownPage.jsx","statementMap":{"0":{"start":{"line":9,"column":30},"end":{"line":11,"column":45}},"1":{"start":{"line":13,"column":4},"end":{"line":13,"column":29}},"2":{"start":{"line":24,"column":12},"end":{"line":24,"column":22}},"3":{"start":{"line":26,"column":8},"end":{"line":43,"column":10}}},"fnMap":{"0":{"name":"highlightCode","decl":{"start":{"line":8,"column":16},"end":{"line":8,"column":29}},"loc":{"start":{"line":8,"column":51},"end":{"line":14,"column":1}},"line":8},"1":{"name":"(anonymous_1)","decl":{"start":{"line":21,"column":4},"end":{"line":21,"column":5}},"loc":{"start":{"line":21,"column":13},"end":{"line":44,"column":5}},"line":21}},"branchMap":{"0":{"loc":{"start":{"line":9,"column":30},"end":{"line":11,"column":45}},"type":"cond-expr","locations":[{"start":{"line":10,"column":10},"end":{"line":10,"column":51}},{"start":{"line":11,"column":10},"end":{"line":11,"column":45}}],"line":9}},"s":{"0":2,"1":2,"2":1,"3":1},"f":{"0":2,"1":1},"b":{"0":[1,1]},"_coverageSchema":"332fd63041d2c1bcb487cc26dd0d5f7d97098a6c","hash":"b2c5b042f3ae79cdda226855254106cf69a5c6ab"}
,"/Users/philiplipman/IdeaProjects/sitev3/client/components/Pages/NotFound.jsx": {"path":"/Users/philiplipman/IdeaProjects/sitev3/client/components/Pages/NotFound.jsx","statementMap":{"0":{"start":{"line":5,"column":17},"end":{"line":14,"column":1}},"1":{"start":{"line":6,"column":4},"end":{"line":13,"column":10}}},"fnMap":{"0":{"name":"(anonymous_0)","decl":{"start":{"line":5,"column":17},"end":{"line":5,"column":18}},"loc":{"start":{"line":6,"column":4},"end":{"line":13,"column":10}},"line":6}},"branchMap":{},"s":{"0":1,"1":1},"f":{"0":1},"b":{},"_coverageSchema":"332fd63041d2c1bcb487cc26dd0d5f7d97098a6c","hash":"7fbc4d85b87a1da0676ec8dffcd7b28f0be2ad05"}
,"/Users/philiplipman/IdeaProjects/sitev3/client/utils/testUtils.jsx": {"path":"/Users/philiplipman/IdeaProjects/sitev3/client/utils/testUtils.jsx","statementMap":{"0":{"start":{"line":10,"column":15},"end":{"line":10,"column":57}},"1":{"start":{"line":12,"column":4},"end":{"line":16,"column":5}},"2":{"start":{"line":15,"column":8},"end":{"line":15,"column":82}},"3":{"start":{"line":18,"column":4},"end":{"line":25,"column":5}},"4":{"start":{"line":19,"column":8},"end":{"line":22,"column":9}},"5":{"start":{"line":21,"column":12},"end":{"line":21,"column":48}},"6":{"start":{"line":24,"column":8},"end":{"line":24,"column":52}},"7":{"start":{"line":27,"column":4},"end":{"line":29,"column":6}}},"fnMap":{"0":{"name":"shallowUntilTarget","decl":{"start":{"line":3,"column":16},"end":{"line":3,"column":34}},"loc":{"start":{"line":9,"column":12},"end":{"line":30,"column":1}},"line":9}},"branchMap":{"0":{"loc":{"start":{"line":6,"column":4},"end":{"line":9,"column":10}},"type":"default-arg","locations":[{"start":{"line":9,"column":8},"end":{"line":9,"column":10}}],"line":6},"1":{"loc":{"start":{"line":7,"column":8},"end":{"line":7,"column":21}},"type":"default-arg","locations":[{"start":{"line":7,"column":19},"end":{"line":7,"column":21}}],"line":7},"2":{"loc":{"start":{"line":12,"column":4},"end":{"line":16,"column":5}},"type":"if","locations":[{"start":{"line":12,"column":4},"end":{"line":16,"column":5}},{"start":{"line":12,"column":4},"end":{"line":16,"column":5}}],"line":12},"3":{"loc":{"start":{"line":19,"column":8},"end":{"line":22,"column":9}},"type":"if","locations":[{"start":{"line":19,"column":8},"end":{"line":22,"column":9}},{"start":{"line":19,"column":8},"end":{"line":22,"column":9}}],"line":19}},"s":{"0":12,"1":12,"2":1,"3":11,"4":42,"5":10,"6":32,"7":1},"f":{"0":12},"b":{"0":[11],"1":[11],"2":[1,11],"3":[10,32]},"_coverageSchema":"332fd63041d2c1bcb487cc26dd0d5f7d97098a6c","hash":"a708e315f2738e7a0f67c203ff06b09a0ac72935"}
,"/Users/philiplipman/IdeaProjects/sitev3/client/utils/config/config.jsx": {"path":"/Users/philiplipman/IdeaProjects/sitev3/client/utils/config/config.jsx","statementMap":{"0":{"start":{"line":1,"column":23},"end":{"line":1,"column":71}}},"fnMap":{},"branchMap":{},"s":{"0":5},"f":{},"b":{},"_coverageSchema":"332fd63041d2c1bcb487cc26dd0d5f7d97098a6c","hash":"8119d71d778e6ef8ca06293de385ad581bf37c93"}
}
