{"/Users/philiplipman/IdeaProjects/sitev3/jestSetup.js": {"path":"/Users/philiplipman/IdeaProjects/sitev3/jestSetup.js","statementMap":{"0":{"start":{"line":4,"column":0},"end":{"line":4,"column":45}}},"fnMap":{},"branchMap":{},"s":{"0":12},"f":{},"b":{},"_coverageSchema":"332fd63041d2c1bcb487cc26dd0d5f7d97098a6c","hash":"66d64641b69e751549038261c81cb83fea2f6e9e"}
,"/Users/philiplipman/IdeaProjects/sitev3/client/components/Auth/actions/authActions.jsx": {"path":"/Users/philiplipman/IdeaProjects/sitev3/client/components/Auth/actions/authActions.jsx","statementMap":{"0":{"start":{"line":1,"column":25},"end":{"line":1,"column":36}},"1":{"start":{"line":2,"column":26},"end":{"line":2,"column":38}},"2":{"start":{"line":3,"column":27},"end":{"line":3,"column":40}},"3":{"start":{"line":4,"column":30},"end":{"line":4,"column":46}},"4":{"start":{"line":7,"column":4},"end":{"line":10,"column":6}},"5":{"start":{"line":14,"column":4},"end":{"line":17,"column":6}},"6":{"start":{"line":21,"column":4},"end":{"line":23,"column":6}},"7":{"start":{"line":27,"column":4},"end":{"line":30,"column":6}}},"fnMap":{"0":{"name":"authenticateUser","decl":{"start":{"line":6,"column":16},"end":{"line":6,"column":32}},"loc":{"start":{"line":6,"column":39},"end":{"line":11,"column":1}},"line":6},"1":{"name":"authenticationError","decl":{"start":{"line":13,"column":16},"end":{"line":13,"column":35}},"loc":{"start":{"line":13,"column":45},"end":{"line":18,"column":1}},"line":13},"2":{"name":"unauthenticateUser","decl":{"start":{"line":20,"column":16},"end":{"line":20,"column":34}},"loc":{"start":{"line":20,"column":37},"end":{"line":24,"column":1}},"line":20},"3":{"name":"protectedTest","decl":{"start":{"line":26,"column":16},"end":{"line":26,"column":29}},"loc":{"start":{"line":26,"column":39},"end":{"line":31,"column":1}},"line":26}},"branchMap":{},"s":{"0":3,"1":3,"2":3,"3":3,"4":2,"5":1,"6":2,"7":2},"f":{"0":2,"1":1,"2":2,"3":2},"b":{},"_coverageSchema":"332fd63041d2c1bcb487cc26dd0d5f7d97098a6c","hash":"70d0bd184283178d186e733aee8c92a8ba2b5159"}
,"/Users/philiplipman/IdeaProjects/sitev3/client/components/Auth/reducers/authReducers.jsx": {"path":"/Users/philiplipman/IdeaProjects/sitev3/client/components/Auth/reducers/authReducers.jsx","statementMap":{"0":{"start":{"line":8,"column":22},"end":{"line":13,"column":1}},"1":{"start":{"line":16,"column":4},"end":{"line":46,"column":5}},"2":{"start":{"line":18,"column":12},"end":{"line":24,"column":14}},"3":{"start":{"line":27,"column":12},"end":{"line":30,"column":14}},"4":{"start":{"line":33,"column":12},"end":{"line":35,"column":14}},"5":{"start":{"line":38,"column":12},"end":{"line":41,"column":14}},"6":{"start":{"line":44,"column":12},"end":{"line":44,"column":25}}},"fnMap":{"0":{"name":"(anonymous_0)","decl":{"start":{"line":15,"column":15},"end":{"line":15,"column":16}},"loc":{"start":{"line":15,"column":56},"end":{"line":47,"column":1}},"line":15}},"branchMap":{"0":{"loc":{"start":{"line":15,"column":25},"end":{"line":15,"column":46}},"type":"default-arg","locations":[{"start":{"line":15,"column":33},"end":{"line":15,"column":46}}],"line":15},"1":{"loc":{"start":{"line":16,"column":4},"end":{"line":46,"column":5}},"type":"switch","locations":[{"start":{"line":17,"column":8},"end":{"line":25,"column":9}},{"start":{"line":26,"column":8},"end":{"line":31,"column":9}},{"start":{"line":32,"column":8},"end":{"line":36,"column":9}},{"start":{"line":37,"column":8},"end":{"line":42,"column":9}},{"start":{"line":43,"column":8},"end":{"line":45,"column":9}}],"line":16}},"s":{"0":1,"1":5,"2":1,"3":1,"4":1,"5":1,"6":1},"f":{"0":5},"b":{"0":[1],"1":[1,1,1,1,1]},"_coverageSchema":"332fd63041d2c1bcb487cc26dd0d5f7d97098a6c","hash":"dcd893d9f8f2efa49417591953ef4246dde1323d"}
,"/Users/philiplipman/IdeaProjects/sitev3/client/components/Auth/thunks/authThunks.jsx": {"path":"/Users/philiplipman/IdeaProjects/sitev3/client/components/Auth/thunks/authThunks.jsx","statementMap":{"0":{"start":{"line":6,"column":23},"end":{"line":6,"column":71}},"1":{"start":{"line":11,"column":4},"end":{"line":16,"column":6}},"2":{"start":{"line":12,"column":8},"end":{"line":12,"column":58}},"3":{"start":{"line":13,"column":23},"end":{"line":13,"column":36}},"4":{"start":{"line":14,"column":8},"end":{"line":14,"column":46}},"5":{"start":{"line":15,"column":8},"end":{"line":15,"column":45}},"6":{"start":{"line":20,"column":23},"end":{"line":20,"column":25}},"7":{"start":{"line":22,"column":4},"end":{"line":26,"column":5}},"8":{"start":{"line":23,"column":8},"end":{"line":23,"column":54}},"9":{"start":{"line":25,"column":8},"end":{"line":25,"column":29}},"10":{"start":{"line":28,"column":4},"end":{"line":39,"column":5}},"11":{"start":{"line":29,"column":8},"end":{"line":32,"column":11}},"12":{"start":{"line":33,"column":8},"end":{"line":33,"column":21}},"13":{"start":{"line":35,"column":8},"end":{"line":38,"column":11}},"14":{"start":{"line":43,"column":4},"end":{"line":56,"column":95}},"15":{"start":{"line":43,"column":25},"end":{"line":56,"column":94}},"16":{"start":{"line":46,"column":27},"end":{"line":46,"column":40}},"17":{"start":{"line":50,"column":16},"end":{"line":50,"column":29}},"18":{"start":{"line":51,"column":12},"end":{"line":51,"column":54}},"19":{"start":{"line":52,"column":12},"end":{"line":52,"column":52}},"20":{"start":{"line":53,"column":12},"end":{"line":53,"column":64}},"21":{"start":{"line":54,"column":12},"end":{"line":54,"column":50}},"22":{"start":{"line":56,"column":24},"end":{"line":56,"column":93}},"23":{"start":{"line":60,"column":4},"end":{"line":68,"column":95}},"24":{"start":{"line":60,"column":25},"end":{"line":68,"column":94}},"25":{"start":{"line":63,"column":27},"end":{"line":63,"column":40}},"26":{"start":{"line":64,"column":12},"end":{"line":64,"column":68}},"27":{"start":{"line":65,"column":12},"end":{"line":65,"column":66}},"28":{"start":{"line":66,"column":12},"end":{"line":66,"column":60}},"29":{"start":{"line":68,"column":24},"end":{"line":68,"column":93}},"30":{"start":{"line":72,"column":4},"end":{"line":85,"column":6}},"31":{"start":{"line":73,"column":23},"end":{"line":73,"column":36}},"32":{"start":{"line":74,"column":8},"end":{"line":84,"column":99}},"33":{"start":{"line":83,"column":30},"end":{"line":83,"column":95}},"34":{"start":{"line":84,"column":28},"end":{"line":84,"column":97}}},"fnMap":{"0":{"name":"logoutUser","decl":{"start":{"line":10,"column":16},"end":{"line":10,"column":26}},"loc":{"start":{"line":10,"column":29},"end":{"line":17,"column":1}},"line":10},"1":{"name":"(anonymous_1)","decl":{"start":{"line":11,"column":11},"end":{"line":11,"column":12}},"loc":{"start":{"line":11,"column":25},"end":{"line":16,"column":5}},"line":11},"2":{"name":"errorHandler","decl":{"start":{"line":19,"column":16},"end":{"line":19,"column":28}},"loc":{"start":{"line":19,"column":52},"end":{"line":40,"column":1}},"line":19},"3":{"name":"loginUser","decl":{"start":{"line":42,"column":16},"end":{"line":42,"column":25}},"loc":{"start":{"line":42,"column":47},"end":{"line":57,"column":1}},"line":42},"4":{"name":"(anonymous_4)","decl":{"start":{"line":43,"column":11},"end":{"line":43,"column":12}},"loc":{"start":{"line":43,"column":25},"end":{"line":56,"column":94}},"line":43},"5":{"name":"(anonymous_5)","decl":{"start":{"line":45,"column":14},"end":{"line":45,"column":15}},"loc":{"start":{"line":45,"column":28},"end":{"line":55,"column":9}},"line":45},"6":{"name":"(anonymous_6)","decl":{"start":{"line":56,"column":15},"end":{"line":56,"column":16}},"loc":{"start":{"line":56,"column":24},"end":{"line":56,"column":93}},"line":56},"7":{"name":"registerUser","decl":{"start":{"line":59,"column":16},"end":{"line":59,"column":28}},"loc":{"start":{"line":59,"column":71},"end":{"line":69,"column":1}},"line":59},"8":{"name":"(anonymous_8)","decl":{"start":{"line":60,"column":11},"end":{"line":60,"column":12}},"loc":{"start":{"line":60,"column":25},"end":{"line":68,"column":94}},"line":60},"9":{"name":"(anonymous_9)","decl":{"start":{"line":62,"column":14},"end":{"line":62,"column":15}},"loc":{"start":{"line":62,"column":28},"end":{"line":67,"column":9}},"line":62},"10":{"name":"(anonymous_10)","decl":{"start":{"line":68,"column":15},"end":{"line":68,"column":16}},"loc":{"start":{"line":68,"column":24},"end":{"line":68,"column":93}},"line":68},"11":{"name":"protectedTest","decl":{"start":{"line":71,"column":16},"end":{"line":71,"column":29}},"loc":{"start":{"line":71,"column":32},"end":{"line":86,"column":1}},"line":71},"12":{"name":"(anonymous_12)","decl":{"start":{"line":72,"column":11},"end":{"line":72,"column":12}},"loc":{"start":{"line":72,"column":25},"end":{"line":85,"column":5}},"line":72},"13":{"name":"(anonymous_13)","decl":{"start":{"line":83,"column":18},"end":{"line":83,"column":19}},"loc":{"start":{"line":83,"column":30},"end":{"line":83,"column":95}},"line":83},"14":{"name":"(anonymous_14)","decl":{"start":{"line":84,"column":19},"end":{"line":84,"column":20}},"loc":{"start":{"line":84,"column":28},"end":{"line":84,"column":97}},"line":84}},"branchMap":{"0":{"loc":{"start":{"line":22,"column":4},"end":{"line":26,"column":5}},"type":"if","locations":[{"start":{"line":22,"column":4},"end":{"line":26,"column":5}},{"start":{"line":22,"column":4},"end":{"line":26,"column":5}}],"line":22},"1":{"loc":{"start":{"line":23,"column":23},"end":{"line":23,"column":53}},"type":"binary-expr","locations":[{"start":{"line":23,"column":23},"end":{"line":23,"column":39}},{"start":{"line":23,"column":43},"end":{"line":23,"column":53}}],"line":23},"2":{"loc":{"start":{"line":28,"column":4},"end":{"line":39,"column":5}},"type":"if","locations":[{"start":{"line":28,"column":4},"end":{"line":39,"column":5}},{"start":{"line":28,"column":4},"end":{"line":39,"column":5}}],"line":28}},"s":{"0":1,"1":2,"2":1,"3":1,"4":1,"5":1,"6":7,"7":7,"8":2,"9":3,"10":5,"11":1,"12":1,"13":4,"14":2,"15":2,"16":1,"17":1,"18":1,"19":1,"20":1,"21":1,"22":2,"23":0,"24":0,"25":0,"26":0,"27":0,"28":0,"29":0,"30":2,"31":2,"32":2,"33":1,"34":1},"f":{"0":2,"1":1,"2":7,"3":2,"4":2,"5":1,"6":2,"7":0,"8":0,"9":0,"10":0,"11":2,"12":2,"13":1,"14":1},"b":{"0":[2,3],"1":[2,1],"2":[1,4]},"_coverageSchema":"332fd63041d2c1bcb487cc26dd0d5f7d97098a6c","hash":"55f9c25f6a03578b1389dff0ee5c29ffcf428e1a"}
,"/Users/philiplipman/IdeaProjects/sitev3/client/components/Content/AddCard.jsx": {"path":"/Users/philiplipman/IdeaProjects/sitev3/client/components/Content/AddCard.jsx","statementMap":{"0":{"start":{"line":12,"column":24},"end":{"line":14,"column":2}},"1":{"start":{"line":12,"column":34},"end":{"line":14,"column":1}},"2":{"start":{"line":16,"column":27},"end":{"line":18,"column":2}},"3":{"start":{"line":16,"column":40},"end":{"line":18,"column":1}},"4":{"start":{"line":20,"column":13},"end":{"line":22,"column":1}},"5":{"start":{"line":38,"column":37},"end":{"line":38,"column":47}},"6":{"start":{"line":39,"column":8},"end":{"line":39,"column":36}},"7":{"start":{"line":45,"column":12},"end":{"line":45,"column":22}},"8":{"start":{"line":46,"column":8},"end":{"line":50,"column":10}},"9":{"start":{"line":56,"column":12},"end":{"line":56,"column":22}},"10":{"start":{"line":58,"column":8},"end":{"line":89,"column":10}}},"fnMap":{"0":{"name":"(anonymous_0)","decl":{"start":{"line":12,"column":24},"end":{"line":12,"column":25}},"loc":{"start":{"line":12,"column":34},"end":{"line":14,"column":1}},"line":12},"1":{"name":"(anonymous_1)","decl":{"start":{"line":16,"column":27},"end":{"line":16,"column":28}},"loc":{"start":{"line":16,"column":40},"end":{"line":18,"column":1}},"line":16},"2":{"name":"(anonymous_2)","decl":{"start":{"line":37,"column":26},"end":{"line":37,"column":27}},"loc":{"start":{"line":37,"column":41},"end":{"line":40,"column":5}},"line":37},"3":{"name":"(anonymous_3)","decl":{"start":{"line":42,"column":4},"end":{"line":42,"column":5}},"loc":{"start":{"line":42,"column":18},"end":{"line":51,"column":5}},"line":42},"4":{"name":"(anonymous_4)","decl":{"start":{"line":53,"column":4},"end":{"line":53,"column":5}},"loc":{"start":{"line":53,"column":13},"end":{"line":90,"column":5}},"line":53}},"branchMap":{"0":{"loc":{"start":{"line":46,"column":15},"end":{"line":50,"column":9}},"type":"binary-expr","locations":[{"start":{"line":46,"column":15},"end":{"line":46,"column":27}},{"start":{"line":47,"column":12},"end":{"line":49,"column":18}}],"line":46}},"s":{"0":1,"1":3,"2":1,"3":3,"4":1,"5":1,"6":1,"7":3,"8":3,"9":3,"10":3},"f":{"0":3,"1":3,"2":1,"3":3,"4":3},"b":{"0":[3,1]},"_coverageSchema":"332fd63041d2c1bcb487cc26dd0d5f7d97098a6c","hash":"c4be90a8b990387f6fdc7a2cb529ebd5f4177ae7"}
,"/Users/philiplipman/IdeaProjects/sitev3/client/components/Content/actions/contentActions.jsx": {"path":"/Users/philiplipman/IdeaProjects/sitev3/client/components/Content/actions/contentActions.jsx","statementMap":{"0":{"start":{"line":1,"column":25},"end":{"line":1,"column":36}},"1":{"start":{"line":2,"column":29},"end":{"line":2,"column":44}},"2":{"start":{"line":3,"column":33},"end":{"line":3,"column":52}},"3":{"start":{"line":6,"column":4},"end":{"line":9,"column":6}},"4":{"start":{"line":13,"column":4},"end":{"line":16,"column":6}},"5":{"start":{"line":20,"column":4},"end":{"line":23,"column":6}}},"fnMap":{"0":{"name":"getCards","decl":{"start":{"line":5,"column":16},"end":{"line":5,"column":24}},"loc":{"start":{"line":5,"column":32},"end":{"line":10,"column":1}},"line":5},"1":{"name":"contentError","decl":{"start":{"line":12,"column":16},"end":{"line":12,"column":28}},"loc":{"start":{"line":12,"column":38},"end":{"line":17,"column":1}},"line":12},"2":{"name":"setSelectedCard","decl":{"start":{"line":19,"column":16},"end":{"line":19,"column":31}},"loc":{"start":{"line":19,"column":40},"end":{"line":24,"column":1}},"line":19}},"branchMap":{},"s":{"0":4,"1":4,"2":4,"3":2,"4":1,"5":2},"f":{"0":2,"1":1,"2":2},"b":{},"_coverageSchema":"332fd63041d2c1bcb487cc26dd0d5f7d97098a6c","hash":"0fdc1e23f377e8d1bb72bde01dc7e2c0ecb0b69c"}
,"/Users/philiplipman/IdeaProjects/sitev3/client/components/Content/reducers/contentReducers.jsx": {"path":"/Users/philiplipman/IdeaProjects/sitev3/client/components/Content/reducers/contentReducers.jsx","statementMap":{"0":{"start":{"line":7,"column":22},"end":{"line":9,"column":1}},"1":{"start":{"line":12,"column":4},"end":{"line":34,"column":5}},"2":{"start":{"line":14,"column":12},"end":{"line":17,"column":14}},"3":{"start":{"line":20,"column":12},"end":{"line":23,"column":14}},"4":{"start":{"line":26,"column":12},"end":{"line":29,"column":14}},"5":{"start":{"line":32,"column":12},"end":{"line":32,"column":25}}},"fnMap":{"0":{"name":"(anonymous_0)","decl":{"start":{"line":11,"column":15},"end":{"line":11,"column":16}},"loc":{"start":{"line":11,"column":56},"end":{"line":35,"column":1}},"line":11}},"branchMap":{"0":{"loc":{"start":{"line":11,"column":25},"end":{"line":11,"column":46}},"type":"default-arg","locations":[{"start":{"line":11,"column":33},"end":{"line":11,"column":46}}],"line":11},"1":{"loc":{"start":{"line":12,"column":4},"end":{"line":34,"column":5}},"type":"switch","locations":[{"start":{"line":13,"column":8},"end":{"line":18,"column":9}},{"start":{"line":19,"column":8},"end":{"line":24,"column":9}},{"start":{"line":25,"column":8},"end":{"line":30,"column":9}},{"start":{"line":31,"column":8},"end":{"line":33,"column":9}}],"line":12}},"s":{"0":1,"1":4,"2":1,"3":1,"4":1,"5":1},"f":{"0":4},"b":{"0":[1],"1":[1,1,1,1]},"_coverageSchema":"332fd63041d2c1bcb487cc26dd0d5f7d97098a6c","hash":"3edf57ab3e635c4cc71b937a2b217d17df0f5b90"}
,"/Users/philiplipman/IdeaProjects/sitev3/client/components/Content/thunks/contentThunks.jsx": {"path":"/Users/philiplipman/IdeaProjects/sitev3/client/components/Content/thunks/contentThunks.jsx","statementMap":{"0":{"start":{"line":6,"column":23},"end":{"line":6,"column":71}},"1":{"start":{"line":9,"column":23},"end":{"line":9,"column":25}},"2":{"start":{"line":11,"column":4},"end":{"line":15,"column":5}},"3":{"start":{"line":12,"column":8},"end":{"line":12,"column":54}},"4":{"start":{"line":14,"column":8},"end":{"line":14,"column":29}},"5":{"start":{"line":17,"column":4},"end":{"line":27,"column":5}},"6":{"start":{"line":18,"column":8},"end":{"line":21,"column":11}},"7":{"start":{"line":23,"column":8},"end":{"line":26,"column":11}},"8":{"start":{"line":31,"column":4},"end":{"line":41,"column":11}},"9":{"start":{"line":31,"column":23},"end":{"line":41,"column":10}},"10":{"start":{"line":36,"column":16},"end":{"line":36,"column":29}},"11":{"start":{"line":37,"column":12},"end":{"line":37,"column":60}},"12":{"start":{"line":40,"column":12},"end":{"line":40,"column":88}},"13":{"start":{"line":45,"column":4},"end":{"line":66,"column":6}},"14":{"start":{"line":46,"column":23},"end":{"line":46,"column":36}},"15":{"start":{"line":47,"column":8},"end":{"line":65,"column":15}},"16":{"start":{"line":61,"column":16},"end":{"line":61,"column":27}},"17":{"start":{"line":64,"column":16},"end":{"line":64,"column":92}},"18":{"start":{"line":70,"column":4},"end":{"line":72,"column":6}},"19":{"start":{"line":71,"column":8},"end":{"line":71,"column":64}}},"fnMap":{"0":{"name":"errorHandler","decl":{"start":{"line":8,"column":16},"end":{"line":8,"column":28}},"loc":{"start":{"line":8,"column":52},"end":{"line":28,"column":1}},"line":8},"1":{"name":"getCards","decl":{"start":{"line":30,"column":16},"end":{"line":30,"column":24}},"loc":{"start":{"line":30,"column":27},"end":{"line":42,"column":1}},"line":30},"2":{"name":"(anonymous_2)","decl":{"start":{"line":31,"column":11},"end":{"line":31,"column":12}},"loc":{"start":{"line":31,"column":23},"end":{"line":41,"column":10}},"line":31},"3":{"name":"(anonymous_3)","decl":{"start":{"line":33,"column":14},"end":{"line":33,"column":15}},"loc":{"start":{"line":33,"column":28},"end":{"line":38,"column":9}},"line":33},"4":{"name":"(anonymous_4)","decl":{"start":{"line":39,"column":15},"end":{"line":39,"column":16}},"loc":{"start":{"line":39,"column":26},"end":{"line":41,"column":9}},"line":39},"5":{"name":"addNewCard","decl":{"start":{"line":44,"column":16},"end":{"line":44,"column":26}},"loc":{"start":{"line":44,"column":57},"end":{"line":67,"column":1}},"line":44},"6":{"name":"(anonymous_6)","decl":{"start":{"line":45,"column":11},"end":{"line":45,"column":12}},"loc":{"start":{"line":45,"column":25},"end":{"line":66,"column":5}},"line":45},"7":{"name":"(anonymous_7)","decl":{"start":{"line":60,"column":18},"end":{"line":60,"column":19}},"loc":{"start":{"line":60,"column":24},"end":{"line":62,"column":13}},"line":60},"8":{"name":"(anonymous_8)","decl":{"start":{"line":63,"column":19},"end":{"line":63,"column":20}},"loc":{"start":{"line":63,"column":30},"end":{"line":65,"column":13}},"line":63},"9":{"name":"setSelectedCard","decl":{"start":{"line":69,"column":16},"end":{"line":69,"column":31}},"loc":{"start":{"line":69,"column":44},"end":{"line":73,"column":1}},"line":69},"10":{"name":"(anonymous_10)","decl":{"start":{"line":70,"column":11},"end":{"line":70,"column":12}},"loc":{"start":{"line":70,"column":25},"end":{"line":72,"column":5}},"line":70}},"branchMap":{"0":{"loc":{"start":{"line":11,"column":4},"end":{"line":15,"column":5}},"type":"if","locations":[{"start":{"line":11,"column":4},"end":{"line":15,"column":5}},{"start":{"line":11,"column":4},"end":{"line":15,"column":5}}],"line":11},"1":{"loc":{"start":{"line":12,"column":23},"end":{"line":12,"column":53}},"type":"binary-expr","locations":[{"start":{"line":12,"column":23},"end":{"line":12,"column":39}},{"start":{"line":12,"column":43},"end":{"line":12,"column":53}}],"line":12},"2":{"loc":{"start":{"line":17,"column":4},"end":{"line":27,"column":5}},"type":"if","locations":[{"start":{"line":17,"column":4},"end":{"line":27,"column":5}},{"start":{"line":17,"column":4},"end":{"line":27,"column":5}}],"line":17}},"s":{"0":2,"1":6,"2":6,"3":2,"4":2,"5":4,"6":1,"7":3,"8":3,"9":2,"10":1,"11":1,"12":1,"13":2,"14":2,"15":2,"16":1,"17":1,"18":1,"19":1},"f":{"0":6,"1":3,"2":2,"3":1,"4":1,"5":2,"6":2,"7":1,"8":1,"9":1,"10":1},"b":{"0":[2,2],"1":[2,1],"2":[1,3]},"_coverageSchema":"332fd63041d2c1bcb487cc26dd0d5f7d97098a6c","hash":"37651eb648498d3d6b56c02ed4b453800b4daf4f"}
,"/Users/philiplipman/IdeaProjects/sitev3/client/components/FormComponents/formComponents.jsx": {"path":"/Users/philiplipman/IdeaProjects/sitev3/client/components/FormComponents/formComponents.jsx","statementMap":{"0":{"start":{"line":3,"column":27},"end":{"line":22,"column":1}},"1":{"start":{"line":14,"column":4},"end":{"line":21,"column":10}}},"fnMap":{"0":{"name":"(anonymous_0)","decl":{"start":{"line":3,"column":27},"end":{"line":3,"column":28}},"loc":{"start":{"line":14,"column":4},"end":{"line":21,"column":10}},"line":14}},"branchMap":{"0":{"loc":{"start":{"line":20,"column":9},"end":{"line":20,"column":49}},"type":"binary-expr","locations":[{"start":{"line":20,"column":9},"end":{"line":20,"column":16}},{"start":{"line":20,"column":20},"end":{"line":20,"column":25}},{"start":{"line":20,"column":29},"end":{"line":20,"column":49}}],"line":20}},"s":{"0":2,"1":2},"f":{"0":2},"b":{"0":[2,1,1]},"_coverageSchema":"332fd63041d2c1bcb487cc26dd0d5f7d97098a6c","hash":"fbe08a65e0fa1967796ae52f3a3e39702a9532d7"}
,"/Users/philiplipman/IdeaProjects/sitev3/client/components/Layout/Header/IconHeader.jsx": {"path":"/Users/philiplipman/IdeaProjects/sitev3/client/components/Layout/Header/IconHeader.jsx","statementMap":{"0":{"start":{"line":25,"column":12},"end":{"line":25,"column":22}},"1":{"start":{"line":27,"column":8},"end":{"line":41,"column":10}}},"fnMap":{"0":{"name":"(anonymous_0)","decl":{"start":{"line":19,"column":4},"end":{"line":19,"column":5}},"loc":{"start":{"line":19,"column":13},"end":{"line":42,"column":5}},"line":19}},"branchMap":{},"s":{"0":1,"1":1},"f":{"0":1},"b":{},"_coverageSchema":"332fd63041d2c1bcb487cc26dd0d5f7d97098a6c","hash":"91219248656d0769507a0ce181a956a9f9c6ecb2"}
,"/Users/philiplipman/IdeaProjects/sitev3/client/components/Pages/Home.jsx": {"path":"/Users/philiplipman/IdeaProjects/sitev3/client/components/Pages/Home.jsx","statementMap":{"0":{"start":{"line":5,"column":13},"end":{"line":15,"column":1}},"1":{"start":{"line":6,"column":4},"end":{"line":14,"column":10}}},"fnMap":{"0":{"name":"(anonymous_0)","decl":{"start":{"line":5,"column":13},"end":{"line":5,"column":14}},"loc":{"start":{"line":6,"column":4},"end":{"line":14,"column":10}},"line":6}},"branchMap":{},"s":{"0":1,"1":1},"f":{"0":1},"b":{},"_coverageSchema":"332fd63041d2c1bcb487cc26dd0d5f7d97098a6c","hash":"5537ffe4fcf0310fad0a8979d36e8289514b08e2"}
,"/Users/philiplipman/IdeaProjects/sitev3/client/components/Pages/NotFound.jsx": {"path":"/Users/philiplipman/IdeaProjects/sitev3/client/components/Pages/NotFound.jsx","statementMap":{"0":{"start":{"line":5,"column":17},"end":{"line":14,"column":1}},"1":{"start":{"line":6,"column":4},"end":{"line":13,"column":10}}},"fnMap":{"0":{"name":"(anonymous_0)","decl":{"start":{"line":5,"column":17},"end":{"line":5,"column":18}},"loc":{"start":{"line":6,"column":4},"end":{"line":13,"column":10}},"line":6}},"branchMap":{},"s":{"0":1,"1":1},"f":{"0":1},"b":{},"_coverageSchema":"332fd63041d2c1bcb487cc26dd0d5f7d97098a6c","hash":"7fbc4d85b87a1da0676ec8dffcd7b28f0be2ad05"}
,"/Users/philiplipman/IdeaProjects/sitev3/client/utils/MockComponent.jsx": {"path":"/Users/philiplipman/IdeaProjects/sitev3/client/utils/MockComponent.jsx","statementMap":{"0":{"start":{"line":14,"column":33},"end":{"line":14,"column":43}},"1":{"start":{"line":15,"column":8},"end":{"line":19,"column":10}}},"fnMap":{"0":{"name":"(anonymous_0)","decl":{"start":{"line":13,"column":4},"end":{"line":13,"column":5}},"loc":{"start":{"line":13,"column":13},"end":{"line":20,"column":5}},"line":13}},"branchMap":{},"s":{"0":1,"1":1},"f":{"0":1},"b":{},"_coverageSchema":"332fd63041d2c1bcb487cc26dd0d5f7d97098a6c","hash":"060bbc2aed056d4ef4515a436767a73cbb9be644"}
,"/Users/philiplipman/IdeaProjects/sitev3/client/utils/MockWrappedComponent.jsx": {"path":"/Users/philiplipman/IdeaProjects/sitev3/client/utils/MockWrappedComponent.jsx","statementMap":{"0":{"start":{"line":16,"column":33},"end":{"line":16,"column":43}},"1":{"start":{"line":17,"column":8},"end":{"line":21,"column":10}}},"fnMap":{"0":{"name":"(anonymous_0)","decl":{"start":{"line":15,"column":4},"end":{"line":15,"column":5}},"loc":{"start":{"line":15,"column":13},"end":{"line":22,"column":5}},"line":15}},"branchMap":{},"s":{"0":2,"1":2},"f":{"0":2},"b":{},"_coverageSchema":"332fd63041d2c1bcb487cc26dd0d5f7d97098a6c","hash":"ce7a17eff6644fe62d7c7ef6a484c1d5844443bf"}
,"/Users/philiplipman/IdeaProjects/sitev3/client/utils/testUtils.jsx": {"path":"/Users/philiplipman/IdeaProjects/sitev3/client/utils/testUtils.jsx","statementMap":{"0":{"start":{"line":10,"column":15},"end":{"line":10,"column":57}},"1":{"start":{"line":12,"column":4},"end":{"line":16,"column":5}},"2":{"start":{"line":15,"column":8},"end":{"line":15,"column":82}},"3":{"start":{"line":18,"column":4},"end":{"line":25,"column":5}},"4":{"start":{"line":19,"column":8},"end":{"line":22,"column":9}},"5":{"start":{"line":21,"column":12},"end":{"line":21,"column":48}},"6":{"start":{"line":24,"column":8},"end":{"line":24,"column":52}},"7":{"start":{"line":27,"column":4},"end":{"line":29,"column":6}}},"fnMap":{"0":{"name":"shallowUntilTarget","decl":{"start":{"line":3,"column":16},"end":{"line":3,"column":34}},"loc":{"start":{"line":9,"column":12},"end":{"line":30,"column":1}},"line":9}},"branchMap":{"0":{"loc":{"start":{"line":6,"column":4},"end":{"line":9,"column":10}},"type":"default-arg","locations":[{"start":{"line":9,"column":8},"end":{"line":9,"column":10}}],"line":6},"1":{"loc":{"start":{"line":7,"column":8},"end":{"line":7,"column":21}},"type":"default-arg","locations":[{"start":{"line":7,"column":19},"end":{"line":7,"column":21}}],"line":7},"2":{"loc":{"start":{"line":12,"column":4},"end":{"line":16,"column":5}},"type":"if","locations":[{"start":{"line":12,"column":4},"end":{"line":16,"column":5}},{"start":{"line":12,"column":4},"end":{"line":16,"column":5}}],"line":12},"3":{"loc":{"start":{"line":19,"column":8},"end":{"line":22,"column":9}},"type":"if","locations":[{"start":{"line":19,"column":8},"end":{"line":22,"column":9}},{"start":{"line":19,"column":8},"end":{"line":22,"column":9}}],"line":19}},"s":{"0":6,"1":6,"2":1,"3":5,"4":18,"5":4,"6":14,"7":1},"f":{"0":6},"b":{"0":[5],"1":[5],"2":[1,5],"3":[4,14]},"_coverageSchema":"332fd63041d2c1bcb487cc26dd0d5f7d97098a6c","hash":"a708e315f2738e7a0f67c203ff06b09a0ac72935"}
}
