TN:
SF:/Users/philiplipman/IdeaProjects/sitev3/jestSetup.js
FNF:0
FNH:0
DA:4,15
LF:1
LH:1
BRF:0
BRH:0
end_of_record
TN:
SF:/Users/philiplipman/IdeaProjects/sitev3/client/components/Auth/Login.jsx
FN:11,(anonymous_0)
FN:15,(anonymous_1)
FN:36,(anonymous_2)
FN:41,(anonymous_3)
FN:52,(anonymous_4)
FNF:5
FNH:5
FNDA:3,(anonymous_0)
FNDA:3,(anonymous_1)
FNDA:1,(anonymous_2)
FNDA:3,(anonymous_3)
FNDA:3,(anonymous_4)
DA:11,3
DA:15,3
DA:19,1
DA:37,1
DA:38,1
DA:44,3
DA:45,3
DA:55,3
DA:57,3
LF:9
LH:9
BRDA:45,0,0,3
BRDA:45,0,1,1
BRF:2
BRH:2
end_of_record
TN:
SF:/Users/philiplipman/IdeaProjects/sitev3/client/components/Auth/Register.jsx
FN:11,(anonymous_0)
FN:16,(anonymous_1)
FN:20,validate
FN:60,(anonymous_3)
FN:65,(anonymous_4)
FN:76,(anonymous_5)
FNF:6
FNH:6
FNDA:3,(anonymous_0)
FNDA:3,(anonymous_1)
FNDA:5,validate
FNDA:1,(anonymous_3)
FNDA:3,(anonymous_4)
FNDA:3,(anonymous_5)
DA:11,3
DA:16,3
DA:21,5
DA:23,5
DA:24,4
DA:27,5
DA:28,4
DA:31,5
DA:32,4
DA:35,5
DA:36,4
DA:39,5
DA:42,1
DA:61,1
DA:62,1
DA:68,3
DA:69,3
DA:79,3
DA:81,3
LF:19
LH:19
BRDA:23,0,0,4
BRDA:23,0,1,1
BRDA:27,1,0,4
BRDA:27,1,1,1
BRDA:31,2,0,4
BRDA:31,2,1,1
BRDA:35,3,0,4
BRDA:35,3,1,1
BRDA:69,4,0,3
BRDA:69,4,1,1
BRF:10
BRH:10
end_of_record
TN:
SF:/Users/philiplipman/IdeaProjects/sitev3/client/components/Auth/actions/authActions.jsx
FN:6,authenticateUser
FN:13,authenticationError
FN:20,unauthenticateUser
FN:26,protectedTest
FNF:4
FNH:4
FNDA:3,authenticateUser
FNDA:1,authenticationError
FNDA:2,unauthenticateUser
FNDA:2,protectedTest
DA:1,5
DA:2,5
DA:3,5
DA:4,5
DA:7,3
DA:14,1
DA:21,2
DA:27,2
LF:8
LH:8
BRF:0
BRH:0
end_of_record
TN:
SF:/Users/philiplipman/IdeaProjects/sitev3/client/components/Auth/reducers/authReducers.jsx
FN:15,(anonymous_0)
FNF:1
FNH:1
FNDA:5,(anonymous_0)
DA:8,1
DA:16,5
DA:18,1
DA:27,1
DA:33,1
DA:38,1
DA:44,1
LF:7
LH:7
BRDA:15,0,0,1
BRDA:16,1,0,1
BRDA:16,1,1,1
BRDA:16,1,2,1
BRDA:16,1,3,1
BRDA:16,1,4,1
BRF:6
BRH:6
end_of_record
TN:
SF:/Users/philiplipman/IdeaProjects/sitev3/client/components/Auth/thunks/authThunks.jsx
FN:10,logoutUser
FN:11,(anonymous_1)
FN:19,errorHandler
FN:42,loginUser
FN:43,(anonymous_4)
FN:45,(anonymous_5)
FN:56,(anonymous_6)
FN:59,registerUser
FN:60,(anonymous_8)
FN:62,(anonymous_9)
FN:72,(anonymous_10)
FN:75,protectedTest
FN:76,(anonymous_12)
FN:87,(anonymous_13)
FN:88,(anonymous_14)
FNF:15
FNH:15
FNDA:2,logoutUser
FNDA:1,(anonymous_1)
FNDA:7,errorHandler
FNDA:2,loginUser
FNDA:2,(anonymous_4)
FNDA:1,(anonymous_5)
FNDA:1,(anonymous_6)
FNDA:2,registerUser
FNDA:2,(anonymous_8)
FNDA:1,(anonymous_9)
FNDA:1,(anonymous_10)
FNDA:2,protectedTest
FNDA:2,(anonymous_12)
FNDA:1,(anonymous_13)
FNDA:1,(anonymous_14)
DA:6,3
DA:11,2
DA:12,1
DA:13,1
DA:14,1
DA:15,1
DA:20,7
DA:22,7
DA:23,2
DA:25,3
DA:28,5
DA:29,1
DA:33,1
DA:35,4
DA:43,2
DA:46,1
DA:50,1
DA:51,1
DA:52,1
DA:53,1
DA:56,1
DA:60,2
DA:63,1
DA:67,1
DA:68,1
DA:69,1
DA:70,1
DA:72,1
DA:76,2
DA:77,2
DA:78,2
DA:87,1
DA:88,1
LF:33
LH:33
BRDA:22,0,0,2
BRDA:22,0,1,3
BRDA:23,1,0,2
BRDA:23,1,1,1
BRDA:28,2,0,1
BRDA:28,2,1,4
BRF:6
BRH:6
end_of_record
TN:
SF:/Users/philiplipman/IdeaProjects/sitev3/client/components/Content/AddCard.jsx
FN:12,(anonymous_0)
FN:16,(anonymous_1)
FN:37,(anonymous_2)
FN:42,(anonymous_3)
FN:53,(anonymous_4)
FNF:5
FNH:5
FNDA:3,(anonymous_0)
FNDA:3,(anonymous_1)
FNDA:1,(anonymous_2)
FNDA:3,(anonymous_3)
FNDA:3,(anonymous_4)
DA:12,3
DA:16,3
DA:20,1
DA:38,1
DA:39,1
DA:45,3
DA:46,3
DA:56,3
DA:58,3
LF:9
LH:9
BRDA:46,0,0,3
BRDA:46,0,1,1
BRF:2
BRH:2
end_of_record
TN:
SF:/Users/philiplipman/IdeaProjects/sitev3/client/components/Content/actions/contentActions.jsx
FN:5,getCards
FN:12,contentError
FN:19,setSelectedCard
FNF:3
FNH:3
FNDA:2,getCards
FNDA:1,contentError
FNDA:2,setSelectedCard
DA:1,4
DA:2,4
DA:3,4
DA:6,2
DA:13,1
DA:20,2
LF:6
LH:6
BRF:0
BRH:0
end_of_record
TN:
SF:/Users/philiplipman/IdeaProjects/sitev3/client/components/Content/reducers/contentReducers.jsx
FN:11,(anonymous_0)
FNF:1
FNH:1
FNDA:4,(anonymous_0)
DA:7,1
DA:12,4
DA:14,1
DA:20,1
DA:26,1
DA:32,1
LF:6
LH:6
BRDA:11,0,0,1
BRDA:12,1,0,1
BRDA:12,1,1,1
BRDA:12,1,2,1
BRDA:12,1,3,1
BRF:5
BRH:5
end_of_record
TN:
SF:/Users/philiplipman/IdeaProjects/sitev3/client/components/Content/thunks/contentThunks.jsx
FN:8,errorHandler
FN:30,getCards
FN:31,(anonymous_2)
FN:33,(anonymous_3)
FN:39,(anonymous_4)
FN:44,addNewCard
FN:45,(anonymous_6)
FN:60,(anonymous_7)
FN:63,(anonymous_8)
FN:69,setSelectedCard
FN:70,(anonymous_10)
FNF:11
FNH:11
FNDA:6,errorHandler
FNDA:3,getCards
FNDA:2,(anonymous_2)
FNDA:1,(anonymous_3)
FNDA:1,(anonymous_4)
FNDA:2,addNewCard
FNDA:2,(anonymous_6)
FNDA:1,(anonymous_7)
FNDA:1,(anonymous_8)
FNDA:1,setSelectedCard
FNDA:1,(anonymous_10)
DA:6,2
DA:9,6
DA:11,6
DA:12,2
DA:14,2
DA:17,4
DA:18,1
DA:23,3
DA:31,3
DA:36,1
DA:37,1
DA:40,1
DA:45,2
DA:46,2
DA:47,2
DA:61,1
DA:64,1
DA:70,1
DA:71,1
LF:19
LH:19
BRDA:11,0,0,2
BRDA:11,0,1,2
BRDA:12,1,0,2
BRDA:12,1,1,1
BRDA:17,2,0,1
BRDA:17,2,1,3
BRF:6
BRH:6
end_of_record
TN:
SF:/Users/philiplipman/IdeaProjects/sitev3/client/components/FormComponents/formComponents.jsx
FN:3,(anonymous_0)
FNF:1
FNH:1
FNDA:2,(anonymous_0)
DA:3,4
DA:14,2
LF:2
LH:2
BRDA:20,0,0,2
BRDA:20,0,1,1
BRDA:20,0,2,1
BRF:3
BRH:3
end_of_record
TN:
SF:/Users/philiplipman/IdeaProjects/sitev3/client/components/Layout/Header/IconHeader.jsx
FN:19,(anonymous_0)
FNF:1
FNH:1
FNDA:1,(anonymous_0)
DA:25,1
DA:27,1
LF:2
LH:2
BRF:0
BRH:0
end_of_record
TN:
SF:/Users/philiplipman/IdeaProjects/sitev3/client/components/Pages/Home.jsx
FN:5,(anonymous_0)
FNF:1
FNH:1
FNDA:1,(anonymous_0)
DA:5,1
DA:6,1
LF:2
LH:2
BRF:0
BRH:0
end_of_record
TN:
SF:/Users/philiplipman/IdeaProjects/sitev3/client/components/Pages/MarkdownPage.jsx
FN:8,highlightCode
FN:21,(anonymous_1)
FNF:2
FNH:2
FNDA:2,highlightCode
FNDA:1,(anonymous_1)
DA:9,2
DA:13,2
DA:24,1
DA:26,1
LF:4
LH:4
BRDA:9,0,0,1
BRDA:9,0,1,1
BRF:2
BRH:2
end_of_record
TN:
SF:/Users/philiplipman/IdeaProjects/sitev3/client/components/Pages/NotFound.jsx
FN:5,(anonymous_0)
FNF:1
FNH:1
FNDA:1,(anonymous_0)
DA:5,1
DA:6,1
LF:2
LH:2
BRF:0
BRH:0
end_of_record
TN:
SF:/Users/philiplipman/IdeaProjects/sitev3/client/utils/testUtils.jsx
FN:3,shallowUntilTarget
FNF:1
FNH:1
FNDA:12,shallowUntilTarget
DA:10,12
DA:12,12
DA:15,1
DA:18,11
DA:19,42
DA:21,10
DA:24,32
DA:27,1
LF:8
LH:8
BRDA:6,0,0,11
BRDA:7,1,0,11
BRDA:12,2,0,1
BRDA:12,2,1,11
BRDA:19,3,0,10
BRDA:19,3,1,32
BRF:6
BRH:6
end_of_record
