TN:
SF:/Users/philiplipman/IdeaProjects/sitev3/jestSetup.js
FNF:0
FNH:0
DA:4,12
LF:1
LH:1
BRF:0
BRH:0
end_of_record
TN:
SF:/Users/philiplipman/IdeaProjects/sitev3/client/components/Auth/actions/authActions.jsx
FN:6,authenticateUser
FN:13,authenticationError
FN:20,unauthenticateUser
FN:26,protectedTest
FNF:4
FNH:4
FNDA:2,authenticateUser
FNDA:1,authenticationError
FNDA:2,unauthenticateUser
FNDA:2,protectedTest
DA:1,3
DA:2,3
DA:3,3
DA:4,3
DA:7,2
DA:14,1
DA:21,2
DA:27,2
LF:8
LH:8
BRF:0
BRH:0
end_of_record
TN:
SF:/Users/philiplipman/IdeaProjects/sitev3/client/components/Auth/reducers/authReducers.jsx
FN:15,(anonymous_0)
FNF:1
FNH:1
FNDA:5,(anonymous_0)
DA:8,1
DA:16,5
DA:18,1
DA:27,1
DA:33,1
DA:38,1
DA:44,1
LF:7
LH:7
BRDA:15,0,0,1
BRDA:16,1,0,1
BRDA:16,1,1,1
BRDA:16,1,2,1
BRDA:16,1,3,1
BRDA:16,1,4,1
BRF:6
BRH:6
end_of_record
TN:
SF:/Users/philiplipman/IdeaProjects/sitev3/client/components/Auth/thunks/authThunks.jsx
FN:10,logoutUser
FN:11,(anonymous_1)
FN:19,errorHandler
FN:42,loginUser
FN:43,(anonymous_4)
FN:45,(anonymous_5)
FN:56,(anonymous_6)
FN:59,registerUser
FN:60,(anonymous_8)
FN:62,(anonymous_9)
FN:68,(anonymous_10)
FN:71,protectedTest
FN:72,(anonymous_12)
FN:83,(anonymous_13)
FN:84,(anonymous_14)
FNF:15
FNH:11
FNDA:2,logoutUser
FNDA:1,(anonymous_1)
FNDA:7,errorHandler
FNDA:2,loginUser
FNDA:2,(anonymous_4)
FNDA:1,(anonymous_5)
FNDA:2,(anonymous_6)
FNDA:0,registerUser
FNDA:0,(anonymous_8)
FNDA:0,(anonymous_9)
FNDA:0,(anonymous_10)
FNDA:2,protectedTest
FNDA:2,(anonymous_12)
FNDA:1,(anonymous_13)
FNDA:1,(anonymous_14)
DA:6,1
DA:11,2
DA:12,1
DA:13,1
DA:14,1
DA:15,1
DA:20,7
DA:22,7
DA:23,2
DA:25,3
DA:28,5
DA:29,1
DA:33,1
DA:35,4
DA:43,2
DA:46,1
DA:50,1
DA:51,1
DA:52,1
DA:53,1
DA:54,1
DA:56,2
DA:60,0
DA:63,0
DA:64,0
DA:65,0
DA:66,0
DA:68,0
DA:72,2
DA:73,2
DA:74,2
DA:83,1
DA:84,1
LF:33
LH:27
BRDA:22,0,0,2
BRDA:22,0,1,3
BRDA:23,1,0,2
BRDA:23,1,1,1
BRDA:28,2,0,1
BRDA:28,2,1,4
BRF:6
BRH:6
end_of_record
TN:
SF:/Users/philiplipman/IdeaProjects/sitev3/client/components/Content/AddCard.jsx
FN:12,(anonymous_0)
FN:16,(anonymous_1)
FN:37,(anonymous_2)
FN:42,(anonymous_3)
FN:53,(anonymous_4)
FNF:5
FNH:5
FNDA:3,(anonymous_0)
FNDA:3,(anonymous_1)
FNDA:1,(anonymous_2)
FNDA:3,(anonymous_3)
FNDA:3,(anonymous_4)
DA:12,3
DA:16,3
DA:20,1
DA:38,1
DA:39,1
DA:45,3
DA:46,3
DA:56,3
DA:58,3
LF:9
LH:9
BRDA:46,0,0,3
BRDA:46,0,1,1
BRF:2
BRH:2
end_of_record
TN:
SF:/Users/philiplipman/IdeaProjects/sitev3/client/components/Content/actions/contentActions.jsx
FN:5,getCards
FN:12,contentError
FN:19,setSelectedCard
FNF:3
FNH:3
FNDA:2,getCards
FNDA:1,contentError
FNDA:2,setSelectedCard
DA:1,4
DA:2,4
DA:3,4
DA:6,2
DA:13,1
DA:20,2
LF:6
LH:6
BRF:0
BRH:0
end_of_record
TN:
SF:/Users/philiplipman/IdeaProjects/sitev3/client/components/Content/reducers/contentReducers.jsx
FN:11,(anonymous_0)
FNF:1
FNH:1
FNDA:4,(anonymous_0)
DA:7,1
DA:12,4
DA:14,1
DA:20,1
DA:26,1
DA:32,1
LF:6
LH:6
BRDA:11,0,0,1
BRDA:12,1,0,1
BRDA:12,1,1,1
BRDA:12,1,2,1
BRDA:12,1,3,1
BRF:5
BRH:5
end_of_record
TN:
SF:/Users/philiplipman/IdeaProjects/sitev3/client/components/Content/thunks/contentThunks.jsx
FN:8,errorHandler
FN:30,getCards
FN:31,(anonymous_2)
FN:33,(anonymous_3)
FN:39,(anonymous_4)
FN:44,addNewCard
FN:45,(anonymous_6)
FN:60,(anonymous_7)
FN:63,(anonymous_8)
FN:69,setSelectedCard
FN:70,(anonymous_10)
FNF:11
FNH:11
FNDA:6,errorHandler
FNDA:3,getCards
FNDA:2,(anonymous_2)
FNDA:1,(anonymous_3)
FNDA:1,(anonymous_4)
FNDA:2,addNewCard
FNDA:2,(anonymous_6)
FNDA:1,(anonymous_7)
FNDA:1,(anonymous_8)
FNDA:1,setSelectedCard
FNDA:1,(anonymous_10)
DA:6,2
DA:9,6
DA:11,6
DA:12,2
DA:14,2
DA:17,4
DA:18,1
DA:23,3
DA:31,3
DA:36,1
DA:37,1
DA:40,1
DA:45,2
DA:46,2
DA:47,2
DA:61,1
DA:64,1
DA:70,1
DA:71,1
LF:19
LH:19
BRDA:11,0,0,2
BRDA:11,0,1,2
BRDA:12,1,0,2
BRDA:12,1,1,1
BRDA:17,2,0,1
BRDA:17,2,1,3
BRF:6
BRH:6
end_of_record
TN:
SF:/Users/philiplipman/IdeaProjects/sitev3/client/components/FormComponents/formComponents.jsx
FN:3,(anonymous_0)
FNF:1
FNH:1
FNDA:2,(anonymous_0)
DA:3,2
DA:14,2
LF:2
LH:2
BRDA:20,0,0,2
BRDA:20,0,1,1
BRDA:20,0,2,1
BRF:3
BRH:3
end_of_record
TN:
SF:/Users/philiplipman/IdeaProjects/sitev3/client/components/Layout/Header/IconHeader.jsx
FN:19,(anonymous_0)
FNF:1
FNH:1
FNDA:1,(anonymous_0)
DA:25,1
DA:27,1
LF:2
LH:2
BRF:0
BRH:0
end_of_record
TN:
SF:/Users/philiplipman/IdeaProjects/sitev3/client/components/Pages/Home.jsx
FN:5,(anonymous_0)
FNF:1
FNH:1
FNDA:1,(anonymous_0)
DA:5,1
DA:6,1
LF:2
LH:2
BRF:0
BRH:0
end_of_record
TN:
SF:/Users/philiplipman/IdeaProjects/sitev3/client/components/Pages/NotFound.jsx
FN:5,(anonymous_0)
FNF:1
FNH:1
FNDA:1,(anonymous_0)
DA:5,1
DA:6,1
LF:2
LH:2
BRF:0
BRH:0
end_of_record
TN:
SF:/Users/philiplipman/IdeaProjects/sitev3/client/utils/MockComponent.jsx
FN:13,(anonymous_0)
FNF:1
FNH:1
FNDA:1,(anonymous_0)
DA:14,1
DA:15,1
LF:2
LH:2
BRF:0
BRH:0
end_of_record
TN:
SF:/Users/philiplipman/IdeaProjects/sitev3/client/utils/MockWrappedComponent.jsx
FN:15,(anonymous_0)
FNF:1
FNH:1
FNDA:2,(anonymous_0)
DA:16,2
DA:17,2
LF:2
LH:2
BRF:0
BRH:0
end_of_record
TN:
SF:/Users/philiplipman/IdeaProjects/sitev3/client/utils/testUtils.jsx
FN:3,shallowUntilTarget
FNF:1
FNH:1
FNDA:6,shallowUntilTarget
DA:10,6
DA:12,6
DA:15,1
DA:18,5
DA:19,18
DA:21,4
DA:24,14
DA:27,1
LF:8
LH:8
BRDA:6,0,0,5
BRDA:7,1,0,5
BRDA:12,2,0,1
BRDA:12,2,1,5
BRDA:19,3,0,4
BRDA:19,3,1,14
BRF:6
BRH:6
end_of_record
